

Started GET "/" for 127.0.0.1 at 2011-02-08 22:34:04 +0800
  Processing by HomeController#index as HTML
Rendered home/index.html.erb within layouts/application (20.9ms)
Completed 200 OK in 32ms (Views: 32.0ms | ActiveRecord: 0.0ms)
  [1m[36mSQL (0.7ms)[0m  [1m SELECT name
 FROM sqlite_master
 WHERE type = 'table' AND NOT name = 'sqlite_sequence'
[0m
  [1m[35mSQL (0.2ms)[0m   SELECT name
 FROM sqlite_master
 WHERE type = 'table' AND NOT name = 'sqlite_sequence'
  [1m[36mSQL (0.2ms)[0m  [1mSELECT "schema_migrations"."version" FROM "schema_migrations"[0m
Migrating to CreateEvents (20110119123131)
Migrating to CreateSharings (20110119133016)
Migrating to CreateUserSharings (20110119133133)
Migrating to CreateGroupSharings (20110119133207)
Migrating to CreateGroups (20110119135531)
Migrating to CreateMemberships (20110119135959)
Migrating to CreateUsers (20110119151041)
Migrating to CreateUserIdentifiers (20110119151149)
Migrating to CreateAcceptances (20110119152037)
Migrating to CreateReminders (20110120142704)
Migrating to AddRruleToEvents (20110120151029)
Migrating to AddEventidToReminders (20110120151621)
  [1m[35mSQL (25.0ms)[0m  select sqlite_version(*)
  [1m[36mSQL (0.2ms)[0m  [1m SELECT name
 FROM sqlite_master
 WHERE type = 'table' AND NOT name = 'sqlite_sequence'
[0m
  [1m[35mSQL (0.2ms)[0m  SELECT "schema_migrations"."version" FROM "schema_migrations"
  [1m[36mSQL (0.2ms)[0m  [1m SELECT name
 FROM sqlite_master
 WHERE type = 'table' AND NOT name = 'sqlite_sequence'
[0m
  [1m[35mSQL (0.0ms)[0m  PRAGMA index_list("acceptances")
  [1m[36mSQL (0.1ms)[0m  [1mPRAGMA index_list("events")[0m
  [1m[35mSQL (0.0ms)[0m  PRAGMA index_list("group_sharings")
  [1m[36mSQL (0.0ms)[0m  [1mPRAGMA index_list("groups")[0m
  [1m[35mSQL (0.0ms)[0m  PRAGMA index_list("memberships")
  [1m[36mSQL (0.0ms)[0m  [1mPRAGMA index_list("reminders")[0m
  [1m[35mSQL (0.0ms)[0m  PRAGMA index_list("sharings")
  [1m[36mSQL (0.0ms)[0m  [1mPRAGMA index_list("user_identifiers")[0m
  [1m[35mSQL (0.0ms)[0m  PRAGMA index_list("user_sharings")
  [1m[36mSQL (0.0ms)[0m  [1mPRAGMA index_list("users")[0m
  [1m[36mSQL (0.7ms)[0m  [1m SELECT name
 FROM sqlite_master
 WHERE type = 'table' AND NOT name = 'sqlite_sequence'
[0m
  [1m[35mSQL (0.2ms)[0m   SELECT name
 FROM sqlite_master
 WHERE type = 'table' AND NOT name = 'sqlite_sequence'
  [1m[36mSQL (0.2ms)[0m  [1mSELECT "schema_migrations"."version" FROM "schema_migrations"[0m
Migrating to CreateEvents (20110119123131)
Migrating to CreateSharings (20110119133016)
Migrating to CreateUserSharings (20110119133133)
Migrating to CreateGroupSharings (20110119133207)
Migrating to CreateGroups (20110119135531)
Migrating to CreateMemberships (20110119135959)
Migrating to CreateUsers (20110119151041)
Migrating to CreateUserIdentifiers (20110119151149)
Migrating to CreateAcceptances (20110119152037)
Migrating to CreateReminders (20110120142704)
Migrating to AddRruleToEvents (20110120151029)
Migrating to AddEventidToReminders (20110120151621)
Migrating to DeviseCreateUsers (20110208144035)
  [1m[35mSQL (0.1ms)[0m  select sqlite_version(*)
  [1m[36mSQL (0.4ms)[0m  [1mDROP TABLE "users"[0m
  [1m[36mSQL (0.7ms)[0m  [1m SELECT name
 FROM sqlite_master
 WHERE type = 'table' AND NOT name = 'sqlite_sequence'
[0m
  [1m[35mSQL (0.2ms)[0m   SELECT name
 FROM sqlite_master
 WHERE type = 'table' AND NOT name = 'sqlite_sequence'
  [1m[36mSQL (0.2ms)[0m  [1mSELECT "schema_migrations"."version" FROM "schema_migrations"[0m
  [1m[35mSQL (0.2ms)[0m   SELECT name
 FROM sqlite_master
 WHERE type = 'table' AND NOT name = 'sqlite_sequence'
  [1m[36mSQL (0.1ms)[0m  [1mSELECT "schema_migrations"."version" FROM "schema_migrations"[0m
Migrating to AddEventidToReminders (20110120151621)
  [1m[35mSQL (0.1ms)[0m  select sqlite_version(*)
  [1m[36mSQL (0.5ms)[0m  [1mCREATE TEMPORARY TABLE "altered_reminders" ("id" INTEGER PRIMARY KEY AUTOINCREMENT NOT NULL, "method_type" integer, "value" integer, "time_type" integer, "created_at" datetime, "updated_at" datetime, "event_id" integer) [0m
  [1m[35mSQL (0.0ms)[0m  PRAGMA index_list("reminders")
  [1m[36mSQL (0.3ms)[0m  [1mDROP TABLE "reminders"[0m
  [1m[35mSQL (0.2ms)[0m  CREATE TABLE "reminders" ("id" INTEGER PRIMARY KEY AUTOINCREMENT NOT NULL, "method_type" integer, "value" integer, "time_type" integer, "created_at" datetime, "updated_at" datetime) 
  [1m[36mSQL (0.0ms)[0m  [1mPRAGMA index_list("altered_reminders")[0m
  [1m[35mSQL (0.2ms)[0m  DROP TABLE "altered_reminders"
  [1m[36mAREL (0.1ms)[0m  [1mDELETE FROM "schema_migrations" WHERE "schema_migrations"."version" = '20110120151621'[0m
  [1m[35mSQL (0.2ms)[0m   SELECT name
 FROM sqlite_master
 WHERE type = 'table' AND NOT name = 'sqlite_sequence'
  [1m[36mSQL (0.2ms)[0m  [1mSELECT "schema_migrations"."version" FROM "schema_migrations"[0m
  [1m[35mSQL (0.2ms)[0m   SELECT name
 FROM sqlite_master
 WHERE type = 'table' AND NOT name = 'sqlite_sequence'
  [1m[36mSQL (0.0ms)[0m  [1mPRAGMA index_list("acceptances")[0m
  [1m[35mSQL (0.0ms)[0m  PRAGMA index_list("events")
  [1m[36mSQL (0.0ms)[0m  [1mPRAGMA index_list("group_sharings")[0m
  [1m[35mSQL (0.0ms)[0m  PRAGMA index_list("groups")
  [1m[36mSQL (0.0ms)[0m  [1mPRAGMA index_list("memberships")[0m
  [1m[35mSQL (0.0ms)[0m  PRAGMA index_list("reminders")
  [1m[36mSQL (0.0ms)[0m  [1mPRAGMA index_list("sharings")[0m
  [1m[35mSQL (0.1ms)[0m  PRAGMA index_list("user_identifiers")
  [1m[36mSQL (0.0ms)[0m  [1mPRAGMA index_list("user_sharings")[0m
  [1m[35mSQL (0.0ms)[0m  PRAGMA index_list("users")
  [1m[36mSQL (0.7ms)[0m  [1m SELECT name
 FROM sqlite_master
 WHERE type = 'table' AND NOT name = 'sqlite_sequence'
[0m
  [1m[35mSQL (0.2ms)[0m   SELECT name
 FROM sqlite_master
 WHERE type = 'table' AND NOT name = 'sqlite_sequence'
  [1m[36mSQL (0.2ms)[0m  [1mSELECT "schema_migrations"."version" FROM "schema_migrations"[0m
Migrating to CreateEvents (20110119123131)
Migrating to CreateSharings (20110119133016)
Migrating to CreateUserSharings (20110119133133)
Migrating to CreateGroupSharings (20110119133207)
Migrating to CreateGroups (20110119135531)
Migrating to CreateMemberships (20110119135959)
Migrating to CreateUsers (20110119151041)
Migrating to CreateUserIdentifiers (20110119151149)
Migrating to CreateAcceptances (20110119152037)
Migrating to CreateReminders (20110120142704)
Migrating to AddRruleToEvents (20110120151029)
Migrating to AddEventidToReminders (20110120151621)
  [1m[35mSQL (0.1ms)[0m  select sqlite_version(*)
  [1m[36mSQL (0.4ms)[0m  [1mALTER TABLE "reminders" ADD "event_id" integer[0m
  [1m[35mSQL (0.1ms)[0m  INSERT INTO "schema_migrations" ("version") VALUES ('20110120151621')
Migrating to DeviseCreateUsers (20110208144035)
  [1m[36mSQL (0.3ms)[0m  [1mDROP TABLE "users"[0m
  [1m[36mSQL (0.7ms)[0m  [1m SELECT name
 FROM sqlite_master
 WHERE type = 'table' AND NOT name = 'sqlite_sequence'
[0m
  [1m[35mSQL (0.2ms)[0m   SELECT name
 FROM sqlite_master
 WHERE type = 'table' AND NOT name = 'sqlite_sequence'
  [1m[36mSQL (0.2ms)[0m  [1mSELECT "schema_migrations"."version" FROM "schema_migrations"[0m
Migrating to CreateEvents (20110119123131)
Migrating to CreateSharings (20110119133016)
Migrating to CreateUserSharings (20110119133133)
Migrating to CreateGroupSharings (20110119133207)
Migrating to CreateGroups (20110119135531)
Migrating to CreateMemberships (20110119135959)
Migrating to CreateUsers (20110119151041)
Migrating to CreateUserIdentifiers (20110119151149)
Migrating to CreateAcceptances (20110119152037)
Migrating to CreateReminders (20110120142704)
Migrating to AddRruleToEvents (20110120151029)
Migrating to AddEventidToReminders (20110120151621)
Migrating to DeviseCreateUsers (20110208144035)
  [1m[35mSQL (0.1ms)[0m  select sqlite_version(*)
  [1m[36mSQL (0.3ms)[0m  [1mDROP TABLE "users"[0m
  [1m[35mSQL (0.4ms)[0m  CREATE TABLE "users" ("id" INTEGER PRIMARY KEY AUTOINCREMENT NOT NULL, "email" varchar(255) DEFAULT '' NOT NULL, "encrypted_password" varchar(128) DEFAULT '' NOT NULL, "password_salt" varchar(255) DEFAULT '' NOT NULL, "reset_password_token" varchar(255), "remember_token" varchar(255), "remember_created_at" datetime, "sign_in_count" integer DEFAULT 0, "current_sign_in_at" datetime, "last_sign_in_at" datetime, "current_sign_in_ip" varchar(255), "last_sign_in_ip" varchar(255), "created_at" datetime, "updated_at" datetime) 
  [1m[36mSQL (0.0ms)[0m  [1mPRAGMA index_list("users")[0m
  [1m[35mSQL (0.2ms)[0m  CREATE UNIQUE INDEX "index_users_on_email" ON "users" ("email")
  [1m[36mSQL (0.1ms)[0m  [1mPRAGMA index_list("users")[0m
  [1m[35mSQL (0.0ms)[0m  PRAGMA index_info('index_users_on_email')
  [1m[36mSQL (0.1ms)[0m  [1mCREATE UNIQUE INDEX "index_users_on_reset_password_token" ON "users" ("reset_password_token")[0m
  [1m[35mSQL (0.1ms)[0m  INSERT INTO "schema_migrations" ("version") VALUES ('20110208144035')
  [1m[36mSQL (0.3ms)[0m  [1m SELECT name
 FROM sqlite_master
 WHERE type = 'table' AND NOT name = 'sqlite_sequence'
[0m
  [1m[35mSQL (0.2ms)[0m  SELECT "schema_migrations"."version" FROM "schema_migrations"
  [1m[36mSQL (0.2ms)[0m  [1m SELECT name
 FROM sqlite_master
 WHERE type = 'table' AND NOT name = 'sqlite_sequence'
[0m
  [1m[35mSQL (0.1ms)[0m  PRAGMA index_list("acceptances")
  [1m[36mSQL (0.0ms)[0m  [1mPRAGMA index_list("events")[0m
  [1m[35mSQL (0.0ms)[0m  PRAGMA index_list("group_sharings")
  [1m[36mSQL (0.1ms)[0m  [1mPRAGMA index_list("groups")[0m
  [1m[35mSQL (0.0ms)[0m  PRAGMA index_list("memberships")
  [1m[36mSQL (0.0ms)[0m  [1mPRAGMA index_list("reminders")[0m
  [1m[35mSQL (0.0ms)[0m  PRAGMA index_list("sharings")
  [1m[36mSQL (0.0ms)[0m  [1mPRAGMA index_list("user_identifiers")[0m
  [1m[35mSQL (0.0ms)[0m  PRAGMA index_list("user_sharings")
  [1m[36mSQL (0.1ms)[0m  [1mPRAGMA index_list("users")[0m
  [1m[35mSQL (0.0ms)[0m  PRAGMA index_info('index_users_on_reset_password_token')
  [1m[36mSQL (0.0ms)[0m  [1mPRAGMA index_info('index_users_on_email')[0m


Started GET "/users/new" for 127.0.0.1 at 2011-02-08 23:42:13 +0800
  Processing by UsersController#new as HTML
  [1m[36mSQL (0.9ms)[0m  [1m SELECT name
 FROM sqlite_master
 WHERE type = 'table' AND NOT name = 'sqlite_sequence'
[0m
Completed   in 12ms

NoMethodError (undefined method `devise' for #<Class:0xa05300c>):
  app/models/user.rb:10:in `<class:User>'
  app/models/user.rb:7:in `<top (required)>'
  app/controllers/users_controller.rb:27:in `new'

Rendered /usr/local/lib/ruby/gems/1.9.1/gems/actionpack-3.0.3/lib/action_dispatch/middleware/templates/rescues/_trace.erb (1.4ms)
Rendered /usr/local/lib/ruby/gems/1.9.1/gems/actionpack-3.0.3/lib/action_dispatch/middleware/templates/rescues/_request_and_response.erb (66.5ms)
Rendered /usr/local/lib/ruby/gems/1.9.1/gems/actionpack-3.0.3/lib/action_dispatch/middleware/templates/rescues/diagnostics.erb within rescues/layout (74.5ms)


Started GET "/" for 127.0.0.1 at 2011-02-08 23:43:25 +0800
  Processing by HomeController#index as HTML
Rendered home/index.html.erb within layouts/application (1.6ms)
Completed 200 OK in 6ms (Views: 5.7ms | ActiveRecord: 0.0ms)


Started GET "/users" for 127.0.0.1 at 2011-02-08 23:43:28 +0800
  Processing by UsersController#index as HTML
  [1m[35mSQL (0.7ms)[0m   SELECT name
 FROM sqlite_master
 WHERE type = 'table' AND NOT name = 'sqlite_sequence'
Completed   in 19ms

NoMethodError (undefined method `devise' for #<Class:0x9817834>):
  app/models/user.rb:10:in `<class:User>'
  app/models/user.rb:7:in `<top (required)>'
  app/controllers/users_controller.rb:5:in `index'

Rendered /usr/local/lib/ruby/gems/1.9.1/gems/actionpack-3.0.3/lib/action_dispatch/middleware/templates/rescues/_trace.erb (1.3ms)
Rendered /usr/local/lib/ruby/gems/1.9.1/gems/actionpack-3.0.3/lib/action_dispatch/middleware/templates/rescues/_request_and_response.erb (61.0ms)
Rendered /usr/local/lib/ruby/gems/1.9.1/gems/actionpack-3.0.3/lib/action_dispatch/middleware/templates/rescues/diagnostics.erb within rescues/layout (66.1ms)


Started GET "/users" for 127.0.0.1 at 2011-02-08 23:45:53 +0800

ActionController::RoutingError (No route matches "/users"):
  

Rendered /usr/local/lib/ruby/gems/1.9.1/gems/actionpack-3.0.3/lib/action_dispatch/middleware/templates/rescues/routing_error.erb within rescues/layout (0.9ms)


Started GET "/users" for 127.0.0.1 at 2011-02-08 23:45:54 +0800

ActionController::RoutingError (No route matches "/users"):
  

Rendered /usr/local/lib/ruby/gems/1.9.1/gems/actionpack-3.0.3/lib/action_dispatch/middleware/templates/rescues/routing_error.erb within rescues/layout (0.8ms)


Started GET "/users" for 127.0.0.1 at 2011-02-08 23:46:06 +0800

ActionController::RoutingError (No route matches "/users"):
  

Rendered /usr/local/lib/ruby/gems/1.9.1/gems/actionpack-3.0.3/lib/action_dispatch/middleware/templates/rescues/routing_error.erb within rescues/layout (1.0ms)


Started GET "/users" for 127.0.0.1 at 2011-02-08 23:46:07 +0800

ActionController::RoutingError (No route matches "/users"):
  

Rendered /usr/local/lib/ruby/gems/1.9.1/gems/actionpack-3.0.3/lib/action_dispatch/middleware/templates/rescues/routing_error.erb within rescues/layout (0.9ms)


Started GET "/users" for 127.0.0.1 at 2011-02-08 23:46:07 +0800

ActionController::RoutingError (No route matches "/users"):
  

Rendered /usr/local/lib/ruby/gems/1.9.1/gems/actionpack-3.0.3/lib/action_dispatch/middleware/templates/rescues/routing_error.erb within rescues/layout (1.0ms)


Started GET "/users" for 127.0.0.1 at 2011-02-08 23:46:07 +0800

ActionController::RoutingError (No route matches "/users"):
  

Rendered /usr/local/lib/ruby/gems/1.9.1/gems/actionpack-3.0.3/lib/action_dispatch/middleware/templates/rescues/routing_error.erb within rescues/layout (1.0ms)


Started GET "/users/new" for 127.0.0.1 at 2011-02-08 23:46:13 +0800

ActionController::RoutingError (No route matches "/users/new"):
  

Rendered /usr/local/lib/ruby/gems/1.9.1/gems/actionpack-3.0.3/lib/action_dispatch/middleware/templates/rescues/routing_error.erb within rescues/layout (0.9ms)


Started GET "/users/new" for 127.0.0.1 at 2011-02-08 23:47:18 +0800

ActionController::RoutingError (No route matches "/users/new"):
  

Rendered /usr/local/lib/ruby/gems/1.9.1/gems/actionpack-3.0.3/lib/action_dispatch/middleware/templates/rescues/routing_error.erb within rescues/layout (1.0ms)


Started GET "/users/new" for 127.0.0.1 at 2011-02-08 23:47:30 +0800

ActionController::RoutingError (No route matches "/users/new"):
  

Rendered /usr/local/lib/ruby/gems/1.9.1/gems/actionpack-3.0.3/lib/action_dispatch/middleware/templates/rescues/routing_error.erb within rescues/layout (1.0ms)


Started GET "/users/new" for 127.0.0.1 at 2011-02-08 23:47:31 +0800

ActionController::RoutingError (No route matches "/users/new"):
  

Rendered /usr/local/lib/ruby/gems/1.9.1/gems/actionpack-3.0.3/lib/action_dispatch/middleware/templates/rescues/routing_error.erb within rescues/layout (1.1ms)


Started GET "/users/new" for 127.0.0.1 at 2011-02-08 23:47:31 +0800

ActionController::RoutingError (No route matches "/users/new"):
  

Rendered /usr/local/lib/ruby/gems/1.9.1/gems/actionpack-3.0.3/lib/action_dispatch/middleware/templates/rescues/routing_error.erb within rescues/layout (0.9ms)


Started GET "/users/new" for 127.0.0.1 at 2011-02-08 23:47:31 +0800

ActionController::RoutingError (No route matches "/users/new"):
  

Rendered /usr/local/lib/ruby/gems/1.9.1/gems/actionpack-3.0.3/lib/action_dispatch/middleware/templates/rescues/routing_error.erb within rescues/layout (0.9ms)


Started GET "/users/new" for 127.0.0.1 at 2011-02-08 23:47:32 +0800

ActionController::RoutingError (No route matches "/users/new"):
  

Rendered /usr/local/lib/ruby/gems/1.9.1/gems/actionpack-3.0.3/lib/action_dispatch/middleware/templates/rescues/routing_error.erb within rescues/layout (0.9ms)


Started GET "/users/" for 127.0.0.1 at 2011-02-08 23:48:25 +0800

ActionController::RoutingError (No route matches "/users"):
  

Rendered /usr/local/lib/ruby/gems/1.9.1/gems/actionpack-3.0.3/lib/action_dispatch/middleware/templates/rescues/routing_error.erb within rescues/layout (0.9ms)


Started GET "/users/" for 127.0.0.1 at 2011-02-08 23:49:13 +0800

ActionController::RoutingError (No route matches "/users"):
  

Rendered /usr/local/lib/ruby/gems/1.9.1/gems/actionpack-3.0.3/lib/action_dispatch/middleware/templates/rescues/routing_error.erb within rescues/layout (0.8ms)


Started GET "/users/sign_up" for 127.0.0.1 at 2011-02-08 23:50:18 +0800
  Processing by Devise::RegistrationsController#new as HTML
Rendered /usr/local/lib/ruby/gems/1.9.1/gems/devise-1.1.5/app/views/devise/shared/_links.erb (1.2ms)
Rendered /usr/local/lib/ruby/gems/1.9.1/gems/devise-1.1.5/app/views/devise/registrations/new.html.erb within layouts/application (16.8ms)
Completed 200 OK in 97ms (Views: 43.5ms | ActiveRecord: 0.0ms)


Started GET "/" for 127.0.0.1 at 2011-02-09 00:19:42 +0800
  Processing by HomeController#index as HTML
Rendered home/index.html.erb within layouts/application (1.9ms)
Completed 200 OK in 7ms (Views: 6.4ms | ActiveRecord: 0.0ms)


Started GET "/" for 127.0.0.1 at 2011-02-09 00:25:08 +0800
  Processing by HomeController#index as HTML
Rendered home/index.html.erb within layouts/application (1.9ms)
Completed 200 OK in 7ms (Views: 6.4ms | ActiveRecord: 0.0ms)


Started GET "/users/sign_up" for 127.0.0.1 at 2011-02-09 00:25:13 +0800
  Processing by Devise::RegistrationsController#new as HTML
Rendered devise/shared/_links.erb (1.1ms)
Rendered devise/registrations/new.html.erb within layouts/application (36.5ms)
Completed 200 OK in 67ms (Views: 40.8ms | ActiveRecord: 0.0ms)


Started POST "/users" for 127.0.0.1 at 2011-02-09 00:25:28 +0800
  Processing by Devise::RegistrationsController#create as HTML
  Parameters: {"utf8"=>"✓", "authenticity_token"=>"qYpoCGkrH5Z+WGRHaMe8EsjxBJIR5fhHNWP7MsdRx/k=", "user"=>{"id"=>"1", "password"=>"[FILTERED]", "password_confirmation"=>"[FILTERED]"}, "commit"=>"Sign up"}
  [1m[36mSQL (0.3ms)[0m  [1m SELECT name
 FROM sqlite_master
 WHERE type = 'table' AND NOT name = 'sqlite_sequence'
[0m
  [1m[35mUser Load (0.1ms)[0m  SELECT "users"."id" FROM "users" WHERE ("users"."email" = '') LIMIT 1
Rendered devise/shared/_links.erb (1.0ms)
Rendered devise/registrations/new.html.erb within layouts/application (8.1ms)
Completed 200 OK in 276ms (Views: 12.1ms | ActiveRecord: 0.4ms)


Started GET "/users/sign_up" for 127.0.0.1 at 2011-02-09 00:25:48 +0800
  Processing by Devise::RegistrationsController#new as HTML
Rendered devise/shared/_links.erb (1.1ms)
Rendered devise/registrations/new.html.erb within layouts/application (35.5ms)
Completed 200 OK in 45ms (Views: 39.5ms | ActiveRecord: 0.0ms)


Started POST "/users" for 127.0.0.1 at 2011-02-09 00:25:57 +0800
  Processing by Devise::RegistrationsController#create as HTML
  Parameters: {"utf8"=>"✓", "authenticity_token"=>"qYpoCGkrH5Z+WGRHaMe8EsjxBJIR5fhHNWP7MsdRx/k=", "user"=>{"id"=>"1", "password"=>"[FILTERED]", "password_confirmation"=>"[FILTERED]"}, "commit"=>"Sign up"}
  [1m[36mSQL (0.3ms)[0m  [1m SELECT name
 FROM sqlite_master
 WHERE type = 'table' AND NOT name = 'sqlite_sequence'
[0m
  [1m[35mUser Load (0.1ms)[0m  SELECT "users"."id" FROM "users" WHERE ("users"."email" = '') LIMIT 1
Rendered devise/shared/_links.erb (1.0ms)
Rendered devise/registrations/new.html.erb within layouts/application (7.1ms)
Completed 200 OK in 257ms (Views: 11.0ms | ActiveRecord: 0.4ms)


Started POST "/users" for 127.0.0.1 at 2011-02-09 00:28:58 +0800
  Processing by Devise::RegistrationsController#create as HTML
  Parameters: {"utf8"=>"✓", "authenticity_token"=>"qYpoCGkrH5Z+WGRHaMe8EsjxBJIR5fhHNWP7MsdRx/k=", "user"=>{"id"=>"1", "password"=>"[FILTERED]", "password_confirmation"=>"[FILTERED]"}, "commit"=>"Sign up"}
Rendered devise/shared/_links.erb (1.2ms)
Rendered devise/registrations/new.html.erb within layouts/application (7.4ms)
Completed 200 OK in 136ms (Views: 11.6ms | ActiveRecord: 0.0ms)


Started GET "/users/sign_up" for 127.0.0.1 at 2011-02-09 00:29:01 +0800
  Processing by Devise::RegistrationsController#new as HTML
Rendered devise/shared/_links.erb (1.1ms)
Rendered devise/registrations/new.html.erb within layouts/application (15.0ms)
Completed 200 OK in 53ms (Views: 19.3ms | ActiveRecord: 0.0ms)


Started POST "/users" for 127.0.0.1 at 2011-02-09 00:29:06 +0800
  Processing by Devise::RegistrationsController#create as HTML
  Parameters: {"utf8"=>"✓", "authenticity_token"=>"qYpoCGkrH5Z+WGRHaMe8EsjxBJIR5fhHNWP7MsdRx/k=", "user"=>{"id"=>"1", "password"=>"[FILTERED]", "password_confirmation"=>"[FILTERED]"}, "commit"=>"Sign up"}
Rendered devise/shared/_links.erb (1.0ms)
Rendered devise/registrations/new.html.erb within layouts/application (6.6ms)
Completed 200 OK in 131ms (Views: 10.6ms | ActiveRecord: 0.0ms)


Started GET "/users/sign_up" for 127.0.0.1 at 2011-02-09 00:30:16 +0800
  Processing by Devise::RegistrationsController#new as HTML
Rendered devise/shared/_links.erb (1.1ms)
Rendered devise/registrations/new.html.erb within layouts/application (14.2ms)
Completed 200 OK in 46ms (Views: 18.3ms | ActiveRecord: 0.0ms)


Started POST "/users" for 127.0.0.1 at 2011-02-09 00:30:21 +0800
  Processing by Devise::RegistrationsController#create as HTML
  Parameters: {"utf8"=>"✓", "authenticity_token"=>"qYpoCGkrH5Z+WGRHaMe8EsjxBJIR5fhHNWP7MsdRx/k=", "user"=>{"id"=>"1", "password"=>"[FILTERED]", "password_confirmation"=>"[FILTERED]"}, "commit"=>"Sign up"}
Rendered devise/shared/_links.erb (1.0ms)
Rendered devise/registrations/new.html.erb within layouts/application (6.7ms)
Completed 200 OK in 160ms (Views: 10.9ms | ActiveRecord: 0.0ms)


Started POST "/users" for 127.0.0.1 at 2011-02-09 00:30:25 +0800
  Processing by Devise::RegistrationsController#create as HTML
  Parameters: {"utf8"=>"✓", "authenticity_token"=>"qYpoCGkrH5Z+WGRHaMe8EsjxBJIR5fhHNWP7MsdRx/k=", "user"=>{"id"=>"1", "password"=>"[FILTERED]", "password_confirmation"=>"[FILTERED]"}, "commit"=>"Sign up"}
Rendered devise/shared/_links.erb (1.0ms)
Rendered devise/registrations/new.html.erb within layouts/application (7.1ms)
Completed 200 OK in 158ms (Views: 11.0ms | ActiveRecord: 0.0ms)


Started POST "/users" for 127.0.0.1 at 2011-02-09 00:31:56 +0800
  Processing by Devise::RegistrationsController#create as HTML
  Parameters: {"utf8"=>"✓", "authenticity_token"=>"qYpoCGkrH5Z+WGRHaMe8EsjxBJIR5fhHNWP7MsdRx/k=", "user"=>{"id"=>"1", "password"=>"[FILTERED]", "password_confirmation"=>"[FILTERED]"}, "commit"=>"Sign up"}
Completed   in 23ms

ArgumentError (You need to supply at least one validation):
  app/models/user.rb:27:in `<class:User>'
  app/models/user.rb:7:in `<top (required)>'

Rendered /usr/local/lib/ruby/gems/1.9.1/gems/actionpack-3.0.3/lib/action_dispatch/middleware/templates/rescues/_trace.erb (1.0ms)
Rendered /usr/local/lib/ruby/gems/1.9.1/gems/actionpack-3.0.3/lib/action_dispatch/middleware/templates/rescues/_request_and_response.erb (97.4ms)
Rendered /usr/local/lib/ruby/gems/1.9.1/gems/actionpack-3.0.3/lib/action_dispatch/middleware/templates/rescues/diagnostics.erb within rescues/layout (102.1ms)


Started GET "/users/sign_up" for 127.0.0.1 at 2011-02-09 00:35:15 +0800
  Processing by Devise::RegistrationsController#new as HTML
Rendered devise/shared/_links.erb (1.3ms)
Rendered devise/registrations/new.html.erb within layouts/application (47.4ms)
Completed 200 OK in 80ms (Views: 52.0ms | ActiveRecord: 0.0ms)


Started POST "/users" for 127.0.0.1 at 2011-02-09 00:35:27 +0800
  Processing by Devise::RegistrationsController#create as HTML
  Parameters: {"utf8"=>"✓", "authenticity_token"=>"qYpoCGkrH5Z+WGRHaMe8EsjxBJIR5fhHNWP7MsdRx/k=", "user"=>{"email"=>"a@gmail.com", "password"=>"[FILTERED]", "password_confirmation"=>"[FILTERED]"}, "commit"=>"Sign up"}
  [1m[36mUser Load (0.1ms)[0m  [1mSELECT "users"."id" FROM "users" WHERE (LOWER("users"."email") = LOWER('a@gmail.com')) LIMIT 1[0m
  [1m[35mUser Load (0.1ms)[0m  SELECT "users"."id" FROM "users" WHERE ("users"."email" = 'a@gmail.com') LIMIT 1
  [1m[36mAREL (3.1ms)[0m  [1mINSERT INTO "users" ("email", "encrypted_password", "password_salt", "reset_password_token", "remember_token", "remember_created_at", "sign_in_count", "current_sign_in_at", "last_sign_in_at", "current_sign_in_ip", "last_sign_in_ip", "created_at", "updated_at") VALUES ('a@gmail.com', '$2a$10$S.c973rGl28ah5iXFWJ5audWiEqBlDEhw4qG5rG8O5FaY3Z1j0ueK', '$2a$10$S.c973rGl28ah5iXFWJ5au', NULL, NULL, NULL, 0, NULL, NULL, NULL, NULL, '2011-02-08 16:35:27.337729', '2011-02-08 16:35:27.337729')[0m
  [1m[35mAREL (0.3ms)[0m  UPDATE "users" SET "last_sign_in_at" = '2011-02-08 16:35:27.381891', "current_sign_in_at" = '2011-02-08 16:35:27.381891', "last_sign_in_ip" = '127.0.0.1', "current_sign_in_ip" = '127.0.0.1', "sign_in_count" = 1, "updated_at" = '2011-02-08 16:35:27.382252' WHERE ("users"."id" = 1)
Redirected to http://localhost:3000/
Completed 302 Found in 208ms


Started GET "/" for 127.0.0.1 at 2011-02-09 00:35:27 +0800
  Processing by HomeController#index as HTML
Rendered home/index.html.erb within layouts/application (1.7ms)
Completed 200 OK in 6ms (Views: 5.9ms | ActiveRecord: 3.6ms)


Started GET "/users/login" for 127.0.0.1 at 2011-02-09 00:35:51 +0800

ActionController::RoutingError (No route matches "/users/login"):
  

Rendered /usr/local/lib/ruby/gems/1.9.1/gems/actionpack-3.0.3/lib/action_dispatch/middleware/templates/rescues/routing_error.erb within rescues/layout (2.2ms)


Started GET "/users" for 127.0.0.1 at 2011-02-09 00:35:55 +0800

ActionController::RoutingError (No route matches "/users"):
  

Rendered /usr/local/lib/ruby/gems/1.9.1/gems/actionpack-3.0.3/lib/action_dispatch/middleware/templates/rescues/routing_error.erb within rescues/layout (0.9ms)


Started GET "/users/log_in" for 127.0.0.1 at 2011-02-09 00:36:04 +0800

ActionController::RoutingError (No route matches "/users/log_in"):
  

Rendered /usr/local/lib/ruby/gems/1.9.1/gems/actionpack-3.0.3/lib/action_dispatch/middleware/templates/rescues/routing_error.erb within rescues/layout (0.9ms)


Started GET "/users/login" for 127.0.0.1 at 2011-02-09 00:36:08 +0800

ActionController::RoutingError (No route matches "/users/login"):
  

Rendered /usr/local/lib/ruby/gems/1.9.1/gems/actionpack-3.0.3/lib/action_dispatch/middleware/templates/rescues/routing_error.erb within rescues/layout (0.8ms)


Started GET "/" for 127.0.0.1 at 2011-02-09 00:37:20 +0800
  Processing by HomeController#index as HTML
  [1m[36mUser Load (0.7ms)[0m  [1mSELECT "users".* FROM "users" WHERE ("users"."id" = 1) LIMIT 1[0m
Rendered home/index.html.erb within layouts/application (87.6ms)
Completed 200 OK in 92ms (Views: 91.1ms | ActiveRecord: 0.7ms)


Started GET "/users/sign_up" for 127.0.0.1 at 2011-02-09 00:37:24 +0800
  Processing by Devise::RegistrationsController#new as HTML
  [1m[35mUser Load (0.6ms)[0m  SELECT "users".* FROM "users" WHERE ("users"."id" = 1) LIMIT 1
Redirected to http://localhost:3000/
Completed 302 Found in 75ms


Started GET "/" for 127.0.0.1 at 2011-02-09 00:37:24 +0800
  Processing by HomeController#index as HTML
  [1m[36mUser Load (0.8ms)[0m  [1mSELECT "users".* FROM "users" WHERE ("users"."id" = 1) LIMIT 1[0m
Rendered home/index.html.erb within layouts/application (78.9ms)
Completed 200 OK in 84ms (Views: 82.6ms | ActiveRecord: 1.4ms)


Started GET "/" for 127.0.0.1 at 2011-02-09 00:37:25 +0800
  Processing by HomeController#index as HTML
  [1m[35mUser Load (25.9ms)[0m  SELECT "users".* FROM "users" WHERE ("users"."id" = 1) LIMIT 1
Rendered home/index.html.erb within layouts/application (69.3ms)
Completed 200 OK in 74ms (Views: 47.4ms | ActiveRecord: 25.9ms)


Started GET "/" for 127.0.0.1 at 2011-02-09 00:37:53 +0800
  Processing by HomeController#index as HTML
  [1m[36mUser Load (0.6ms)[0m  [1mSELECT "users".* FROM "users" WHERE ("users"."id" = 1) LIMIT 1[0m
Rendered home/index.html.erb within layouts/application (71.5ms)
Completed 200 OK in 76ms (Views: 75.1ms | ActiveRecord: 0.6ms)


Started GET "/" for 127.0.0.1 at 2011-02-09 00:37:59 +0800
  Processing by HomeController#index as HTML
  [1m[35mUser Load (0.7ms)[0m  SELECT "users".* FROM "users" WHERE ("users"."id" = 1) LIMIT 1
Rendered home/index.html.erb within layouts/application (70.1ms)
Completed 200 OK in 75ms (Views: 73.6ms | ActiveRecord: 0.7ms)


Started GET "/users/sign_up" for 127.0.0.1 at 2011-02-09 00:38:10 +0800
  Processing by Devise::RegistrationsController#new as HTML
  [1m[36mUser Load (0.5ms)[0m  [1mSELECT "users".* FROM "users" WHERE ("users"."id" = 1) LIMIT 1[0m
Redirected to http://localhost:3000/
Completed 302 Found in 67ms


Started GET "/" for 127.0.0.1 at 2011-02-09 00:38:10 +0800
  Processing by HomeController#index as HTML
  [1m[35mUser Load (0.7ms)[0m  SELECT "users".* FROM "users" WHERE ("users"."id" = 1) LIMIT 1
Rendered home/index.html.erb within layouts/application (72.2ms)
Completed 200 OK in 77ms (Views: 75.6ms | ActiveRecord: 1.1ms)


Started GET "/users/logout" for 127.0.0.1 at 2011-02-09 00:38:15 +0800

ActionController::RoutingError (No route matches "/users/logout"):
  

Rendered /usr/local/lib/ruby/gems/1.9.1/gems/actionpack-3.0.3/lib/action_dispatch/middleware/templates/rescues/routing_error.erb within rescues/layout (0.9ms)


Started GET "/users/logout" for 127.0.0.1 at 2011-02-09 00:39:06 +0800

ActionController::RoutingError (No route matches "/users/logout"):
  

Rendered /usr/local/lib/ruby/gems/1.9.1/gems/actionpack-3.0.3/lib/action_dispatch/middleware/templates/rescues/routing_error.erb within rescues/layout (0.9ms)


Started GET "/" for 127.0.0.1 at 2011-02-09 00:39:08 +0800
  Processing by HomeController#index as HTML
  [1m[36mUser Load (0.8ms)[0m  [1mSELECT "users".* FROM "users" WHERE ("users"."id" = 1) LIMIT 1[0m
Rendered home/index.html.erb within layouts/application (1.8ms)
Completed 200 OK in 83ms (Views: 5.8ms | ActiveRecord: 0.8ms)


Started GET "/sign_out" for 127.0.0.1 at 2011-02-09 00:40:32 +0800

ActionController::RoutingError (No route matches "/sign_out"):
  

Rendered /usr/local/lib/ruby/gems/1.9.1/gems/actionpack-3.0.3/lib/action_dispatch/middleware/templates/rescues/routing_error.erb within rescues/layout (1.1ms)


Started GET "/users/sign_out" for 127.0.0.1 at 2011-02-09 00:40:37 +0800
  Processing by Devise::SessionsController#destroy as HTML
  [1m[35mUser Load (0.6ms)[0m  SELECT "users".* FROM "users" WHERE ("users"."id" = 1) LIMIT 1
Redirected to http://localhost:3000/
Completed 302 Found in 81ms


Started GET "/" for 127.0.0.1 at 2011-02-09 00:40:37 +0800
  Processing by HomeController#index as HTML
Completed   in 24ms


Started GET "/users/sign_in" for 127.0.0.1 at 2011-02-09 00:40:37 +0800
  Processing by Devise::SessionsController#new as HTML
Rendered devise/shared/_links.erb (1.1ms)
Rendered devise/sessions/new.html.erb within layouts/application (6.5ms)
Completed 200 OK in 98ms (Views: 11.4ms | ActiveRecord: 0.0ms)


Started POST "/users/sign_in" for 127.0.0.1 at 2011-02-09 00:40:51 +0800
  Processing by Devise::SessionsController#create as HTML
  Parameters: {"utf8"=>"✓", "authenticity_token"=>"qYpoCGkrH5Z+WGRHaMe8EsjxBJIR5fhHNWP7MsdRx/k=", "user"=>{"email"=>"test", "password"=>"[FILTERED]", "remember_me"=>"0"}, "commit"=>"Sign in"}
Completed   in 22ms

NoMethodError (undefined method `all?' for :id:Symbol):
  

Rendered /usr/local/lib/ruby/gems/1.9.1/gems/actionpack-3.0.3/lib/action_dispatch/middleware/templates/rescues/_trace.erb (1.3ms)
Rendered /usr/local/lib/ruby/gems/1.9.1/gems/actionpack-3.0.3/lib/action_dispatch/middleware/templates/rescues/_request_and_response.erb (112.3ms)
Rendered /usr/local/lib/ruby/gems/1.9.1/gems/actionpack-3.0.3/lib/action_dispatch/middleware/templates/rescues/diagnostics.erb within rescues/layout (117.9ms)


Started GET "/users/sign_in" for 127.0.0.1 at 2011-02-09 00:42:01 +0800
  Processing by Devise::SessionsController#new as HTML
Rendered devise/shared/_links.erb (0.9ms)
Rendered devise/sessions/new.html.erb within layouts/application (6.0ms)
Completed 200 OK in 66ms (Views: 10.0ms | ActiveRecord: 0.0ms)


Started POST "/users/sign_in" for 127.0.0.1 at 2011-02-09 00:42:04 +0800
  Processing by Devise::SessionsController#create as HTML
  Parameters: {"utf8"=>"✓", "authenticity_token"=>"qYpoCGkrH5Z+WGRHaMe8EsjxBJIR5fhHNWP7MsdRx/k=", "user"=>{"id"=>"1", "password"=>"[FILTERED]", "remember_me"=>"0"}, "commit"=>"Sign in"}
Completed   in 48ms

NoMethodError (undefined method `all?' for :id:Symbol):
  

Rendered /usr/local/lib/ruby/gems/1.9.1/gems/actionpack-3.0.3/lib/action_dispatch/middleware/templates/rescues/_trace.erb (0.9ms)
Rendered /usr/local/lib/ruby/gems/1.9.1/gems/actionpack-3.0.3/lib/action_dispatch/middleware/templates/rescues/_request_and_response.erb (84.7ms)
Rendered /usr/local/lib/ruby/gems/1.9.1/gems/actionpack-3.0.3/lib/action_dispatch/middleware/templates/rescues/diagnostics.erb within rescues/layout (89.7ms)


Started GET "/users/sign_in" for 127.0.0.1 at 2011-02-09 00:44:01 +0800
  Processing by Devise::SessionsController#new as HTML
Rendered devise/shared/_links.erb (1.0ms)
Rendered devise/sessions/new.html.erb within layouts/application (6.5ms)
Completed 200 OK in 44ms (Views: 10.7ms | ActiveRecord: 0.0ms)


Started GET "/users/sign_in" for 127.0.0.1 at 2011-02-09 00:44:01 +0800
  Processing by Devise::SessionsController#new as HTML
Rendered devise/shared/_links.erb (1.1ms)
Rendered devise/sessions/new.html.erb within layouts/application (6.4ms)
Completed 200 OK in 45ms (Views: 10.3ms | ActiveRecord: 0.0ms)


Started POST "/users/sign_in" for 127.0.0.1 at 2011-02-09 00:44:04 +0800
  Processing by Devise::SessionsController#create as HTML
  Parameters: {"utf8"=>"✓", "authenticity_token"=>"qYpoCGkrH5Z+WGRHaMe8EsjxBJIR5fhHNWP7MsdRx/k=", "user"=>{"id"=>"1", "password"=>"[FILTERED]", "remember_me"=>"0"}, "commit"=>"Sign in"}
Completed   in 22ms

NoMethodError (undefined method `all?' for :user_id:Symbol):
  

Rendered /usr/local/lib/ruby/gems/1.9.1/gems/actionpack-3.0.3/lib/action_dispatch/middleware/templates/rescues/_trace.erb (0.9ms)
Rendered /usr/local/lib/ruby/gems/1.9.1/gems/actionpack-3.0.3/lib/action_dispatch/middleware/templates/rescues/_request_and_response.erb (107.0ms)
Rendered /usr/local/lib/ruby/gems/1.9.1/gems/actionpack-3.0.3/lib/action_dispatch/middleware/templates/rescues/diagnostics.erb within rescues/layout (111.9ms)


Started GET "/users/sign_in" for 127.0.0.1 at 2011-02-09 00:45:04 +0800
  Processing by Devise::SessionsController#new as HTML
Rendered devise/shared/_links.erb (1.2ms)
Rendered devise/sessions/new.html.erb within layouts/application (6.9ms)
Completed 200 OK in 68ms (Views: 11.0ms | ActiveRecord: 0.0ms)


Started POST "/users/sign_in" for 127.0.0.1 at 2011-02-09 00:45:06 +0800
  Processing by Devise::SessionsController#create as HTML
  Parameters: {"utf8"=>"✓", "authenticity_token"=>"qYpoCGkrH5Z+WGRHaMe8EsjxBJIR5fhHNWP7MsdRx/k=", "user"=>{"id"=>"1", "password"=>"[FILTERED]", "remember_me"=>"0"}, "commit"=>"Sign in"}
  [1m[36mUser Load (1.6ms)[0m  [1mSELECT "users".* FROM "users" WHERE ("users"."id" = 1) LIMIT 1[0m
  [1m[35mAREL (0.2ms)[0m  UPDATE "users" SET "current_sign_in_at" = '2011-02-08 16:45:07.097378', "sign_in_count" = 2, "updated_at" = '2011-02-08 16:45:07.097855' WHERE ("users"."id" = 1)
Redirected to http://localhost:3000/
Completed 302 Found in 160ms


Started GET "/" for 127.0.0.1 at 2011-02-09 00:45:07 +0800
  Processing by HomeController#index as HTML
  [1m[36mUser Load (0.5ms)[0m  [1mSELECT "users".* FROM "users" WHERE ("users"."id" = 1) LIMIT 1[0m
Rendered home/index.html.erb within layouts/application (1.8ms)
Completed 200 OK in 72ms (Views: 5.8ms | ActiveRecord: 2.3ms)


Started POST "/users/sign_in" for 127.0.0.1 at 2011-02-09 00:45:11 +0800
  Processing by Devise::SessionsController#create as HTML
  Parameters: {"utf8"=>"✓", "authenticity_token"=>"qYpoCGkrH5Z+WGRHaMe8EsjxBJIR5fhHNWP7MsdRx/k=", "user"=>{"id"=>"2", "password"=>"[FILTERED]", "remember_me"=>"0"}, "commit"=>"Sign in"}
  [1m[35mUser Load (0.5ms)[0m  SELECT "users".* FROM "users" WHERE ("users"."id" = 1) LIMIT 1
Redirected to http://localhost:3000/
Completed 302 Found in 64ms


Started GET "/" for 127.0.0.1 at 2011-02-09 00:45:11 +0800
  Processing by HomeController#index as HTML
  [1m[36mUser Load (0.5ms)[0m  [1mSELECT "users".* FROM "users" WHERE ("users"."id" = 1) LIMIT 1[0m
Rendered home/index.html.erb within layouts/application (1.7ms)
Completed 200 OK in 48ms (Views: 6.1ms | ActiveRecord: 1.0ms)


Started GET "/" for 127.0.0.1 at 2011-02-09 00:45:13 +0800
  Processing by HomeController#index as HTML
  [1m[35mUser Load (0.5ms)[0m  SELECT "users".* FROM "users" WHERE ("users"."id" = 1) LIMIT 1
Rendered home/index.html.erb within layouts/application (1.6ms)
Completed 200 OK in 41ms (Views: 5.5ms | ActiveRecord: 0.5ms)


Started GET "/" for 127.0.0.1 at 2011-02-09 00:45:13 +0800
  Processing by HomeController#index as HTML
  [1m[36mUser Load (0.5ms)[0m  [1mSELECT "users".* FROM "users" WHERE ("users"."id" = 1) LIMIT 1[0m
Rendered home/index.html.erb within layouts/application (1.7ms)
Completed 200 OK in 43ms (Views: 5.7ms | ActiveRecord: 0.5ms)


Started GET "/users/sign_in" for 127.0.0.1 at 2011-02-09 00:45:15 +0800
  Processing by Devise::SessionsController#new as HTML
  [1m[35mUser Load (0.5ms)[0m  SELECT "users".* FROM "users" WHERE ("users"."id" = 1) LIMIT 1
Redirected to http://localhost:3000/
Completed 302 Found in 39ms


Started GET "/" for 127.0.0.1 at 2011-02-09 00:45:15 +0800
  Processing by HomeController#index as HTML
  [1m[36mUser Load (0.5ms)[0m  [1mSELECT "users".* FROM "users" WHERE ("users"."id" = 1) LIMIT 1[0m
Rendered home/index.html.erb within layouts/application (1.6ms)
Completed 200 OK in 75ms (Views: 5.7ms | ActiveRecord: 1.0ms)


Started GET "/" for 127.0.0.1 at 2011-02-09 00:45:16 +0800
  Processing by HomeController#index as HTML
  [1m[35mUser Load (0.7ms)[0m  SELECT "users".* FROM "users" WHERE ("users"."id" = 1) LIMIT 1
Rendered home/index.html.erb within layouts/application (1.6ms)
Completed 200 OK in 70ms (Views: 5.6ms | ActiveRecord: 0.7ms)


Started GET "/users/sign_out" for 127.0.0.1 at 2011-02-09 00:45:21 +0800
  Processing by Devise::SessionsController#destroy as HTML
  [1m[36mUser Load (0.7ms)[0m  [1mSELECT "users".* FROM "users" WHERE ("users"."id" = 1) LIMIT 1[0m
Redirected to http://localhost:3000/
Completed 302 Found in 70ms


Started GET "/" for 127.0.0.1 at 2011-02-09 00:45:21 +0800
  Processing by HomeController#index as HTML
Completed   in 25ms


Started GET "/users/sign_in" for 127.0.0.1 at 2011-02-09 00:45:21 +0800
  Processing by Devise::SessionsController#new as HTML
Rendered devise/shared/_links.erb (1.0ms)
Rendered devise/sessions/new.html.erb within layouts/application (6.3ms)
Completed 200 OK in 44ms (Views: 10.4ms | ActiveRecord: 0.0ms)


Started POST "/users/sign_in" for 127.0.0.1 at 2011-02-09 00:45:25 +0800
  Processing by Devise::SessionsController#create as HTML
  Parameters: {"utf8"=>"✓", "authenticity_token"=>"qYpoCGkrH5Z+WGRHaMe8EsjxBJIR5fhHNWP7MsdRx/k=", "user"=>{"id"=>"12345", "password"=>"[FILTERED]", "remember_me"=>"0"}, "commit"=>"Sign in"}
  [1m[35mUser Load (0.1ms)[0m  SELECT "users".* FROM "users" WHERE ("users"."id" = 12345) LIMIT 1
Completed   in 57ms
  Processing by Devise::SessionsController#new as HTML
  Parameters: {"utf8"=>"✓", "authenticity_token"=>"qYpoCGkrH5Z+WGRHaMe8EsjxBJIR5fhHNWP7MsdRx/k=", "user"=>{"id"=>"12345", "password"=>"[FILTERED]", "remember_me"=>"0"}, "commit"=>"Sign in"}
Rendered devise/shared/_links.erb (1.2ms)
Rendered devise/sessions/new.html.erb within layouts/application (6.8ms)
Completed 200 OK in 110ms (Views: 11.1ms | ActiveRecord: 0.1ms)


Started POST "/users/sign_in" for 127.0.0.1 at 2011-02-09 00:45:27 +0800
  Processing by Devise::SessionsController#create as HTML
  Parameters: {"utf8"=>"✓", "authenticity_token"=>"qYpoCGkrH5Z+WGRHaMe8EsjxBJIR5fhHNWP7MsdRx/k=", "user"=>{"id"=>"12345", "password"=>"[FILTERED]", "remember_me"=>"0"}, "commit"=>"Sign in"}
Completed   in 50ms
  Processing by Devise::SessionsController#new as HTML
  Parameters: {"utf8"=>"✓", "authenticity_token"=>"qYpoCGkrH5Z+WGRHaMe8EsjxBJIR5fhHNWP7MsdRx/k=", "user"=>{"id"=>"12345", "password"=>"[FILTERED]", "remember_me"=>"0"}, "commit"=>"Sign in"}
Rendered devise/shared/_links.erb (1.1ms)
Rendered devise/sessions/new.html.erb within layouts/application (6.6ms)
Completed 200 OK in 23ms (Views: 10.9ms | ActiveRecord: 0.0ms)


Started POST "/users/sign_in" for 127.0.0.1 at 2011-02-09 00:45:31 +0800
  Processing by Devise::SessionsController#create as HTML
  Parameters: {"utf8"=>"✓", "authenticity_token"=>"qYpoCGkrH5Z+WGRHaMe8EsjxBJIR5fhHNWP7MsdRx/k=", "user"=>{"id"=>"1", "password"=>"[FILTERED]", "remember_me"=>"0"}, "commit"=>"Sign in"}
  [1m[36mUser Load (3.3ms)[0m  [1mSELECT "users".* FROM "users" WHERE ("users"."id" = 1) LIMIT 1[0m
  [1m[35mAREL (0.3ms)[0m  UPDATE "users" SET "last_sign_in_at" = '2011-02-08 16:45:07.097378', "current_sign_in_at" = '2011-02-08 16:45:31.415169', "sign_in_count" = 3, "updated_at" = '2011-02-08 16:45:31.415719' WHERE ("users"."id" = 1)
Redirected to http://localhost:3000/
Completed 302 Found in 164ms


Started GET "/" for 127.0.0.1 at 2011-02-09 00:45:31 +0800
  Processing by HomeController#index as HTML
  [1m[36mUser Load (0.6ms)[0m  [1mSELECT "users".* FROM "users" WHERE ("users"."id" = 1) LIMIT 1[0m
Rendered home/index.html.erb within layouts/application (30.2ms)
Completed 200 OK in 76ms (Views: 34.4ms | ActiveRecord: 4.1ms)


Started GET "/" for 127.0.0.1 at 2011-02-09 00:46:41 +0800
  Processing by HomeController#index as HTML
  [1m[35mUser Load (0.5ms)[0m  SELECT "users".* FROM "users" WHERE ("users"."id" = 1) LIMIT 1
Rendered home/index.html.erb within layouts/application (1.7ms)
Completed 200 OK in 44ms (Views: 5.5ms | ActiveRecord: 0.5ms)


Started GET "/sign_out" for 127.0.0.1 at 2011-02-09 00:46:45 +0800

ActionController::RoutingError (No route matches "/sign_out"):
  

Rendered /usr/local/lib/ruby/gems/1.9.1/gems/actionpack-3.0.3/lib/action_dispatch/middleware/templates/rescues/routing_error.erb within rescues/layout (0.9ms)


Started GET "/users/sign_out" for 127.0.0.1 at 2011-02-09 00:46:49 +0800
  Processing by Devise::SessionsController#destroy as HTML
  [1m[36mUser Load (0.6ms)[0m  [1mSELECT "users".* FROM "users" WHERE ("users"."id" = 1) LIMIT 1[0m
Redirected to http://localhost:3000/
Completed 302 Found in 77ms


Started GET "/" for 127.0.0.1 at 2011-02-09 00:46:49 +0800
  Processing by HomeController#index as HTML
Completed   in 23ms


Started GET "/users/sign_in" for 127.0.0.1 at 2011-02-09 00:46:49 +0800
  Processing by Devise::SessionsController#new as HTML
Rendered devise/shared/_links.erb (1.1ms)
Rendered devise/sessions/new.html.erb within layouts/application (6.2ms)
Completed 200 OK in 73ms (Views: 10.1ms | ActiveRecord: 0.0ms)


Started POST "/users/sign_in" for 127.0.0.1 at 2011-02-09 00:46:52 +0800
  Processing by Devise::SessionsController#create as HTML
  Parameters: {"utf8"=>"✓", "authenticity_token"=>"qYpoCGkrH5Z+WGRHaMe8EsjxBJIR5fhHNWP7MsdRx/k=", "user"=>{"id"=>"123213", "password"=>"[FILTERED]", "remember_me"=>"0"}, "commit"=>"Sign in"}
  [1m[35mUser Load (0.1ms)[0m  SELECT "users".* FROM "users" WHERE ("users"."id" = 123213) LIMIT 1
Completed   in 27ms
  Processing by Devise::SessionsController#new as HTML
  Parameters: {"utf8"=>"✓", "authenticity_token"=>"qYpoCGkrH5Z+WGRHaMe8EsjxBJIR5fhHNWP7MsdRx/k=", "user"=>{"id"=>"123213", "password"=>"[FILTERED]", "remember_me"=>"0"}, "commit"=>"Sign in"}
Rendered devise/shared/_links.erb (1.2ms)
Rendered devise/sessions/new.html.erb within layouts/application (6.7ms)
Completed 200 OK in 135ms (Views: 10.7ms | ActiveRecord: 0.1ms)


Started POST "/users/sign_in" for 127.0.0.1 at 2011-02-09 00:46:59 +0800
  Processing by Devise::SessionsController#create as HTML
  Parameters: {"utf8"=>"✓", "authenticity_token"=>"qYpoCGkrH5Z+WGRHaMe8EsjxBJIR5fhHNWP7MsdRx/k=", "user"=>{"id"=>"1", "password"=>"[FILTERED]", "remember_me"=>"0"}, "commit"=>"Sign in"}
  [1m[36mUser Load (0.6ms)[0m  [1mSELECT "users".* FROM "users" WHERE ("users"."id" = 1) LIMIT 1[0m
  [1m[35mAREL (0.2ms)[0m  UPDATE "users" SET "last_sign_in_at" = '2011-02-08 16:45:31.415169', "current_sign_in_at" = '2011-02-08 16:47:00.129163', "sign_in_count" = 4, "updated_at" = '2011-02-08 16:47:00.129642' WHERE ("users"."id" = 1)
Redirected to http://localhost:3000/
Completed 302 Found in 159ms


Started GET "/" for 127.0.0.1 at 2011-02-09 00:47:00 +0800
  Processing by HomeController#index as HTML
  [1m[36mUser Load (0.6ms)[0m  [1mSELECT "users".* FROM "users" WHERE ("users"."id" = 1) LIMIT 1[0m
Rendered home/index.html.erb within layouts/application (1.9ms)
Completed 200 OK in 47ms (Views: 6.2ms | ActiveRecord: 1.4ms)


Started GET "/users/sign_out" for 127.0.0.1 at 2011-02-09 00:47:09 +0800
  Processing by Devise::SessionsController#destroy as HTML
  [1m[35mUser Load (0.6ms)[0m  SELECT "users".* FROM "users" WHERE ("users"."id" = 1) LIMIT 1
Redirected to http://localhost:3000/
Completed 302 Found in 41ms


Started GET "/" for 127.0.0.1 at 2011-02-09 00:47:09 +0800
  Processing by HomeController#index as HTML
Completed   in 53ms


Started GET "/users/sign_in" for 127.0.0.1 at 2011-02-09 00:47:09 +0800
  Processing by Devise::SessionsController#new as HTML
Rendered devise/shared/_links.erb (1.2ms)
Rendered devise/sessions/new.html.erb within layouts/application (7.2ms)
Completed 200 OK in 80ms (Views: 43.0ms | ActiveRecord: 0.0ms)


Started GET "/users/sign_up" for 127.0.0.1 at 2011-02-09 00:47:12 +0800
  Processing by Devise::RegistrationsController#new as HTML
Rendered devise/shared/_links.erb (1.1ms)
Rendered devise/registrations/new.html.erb within layouts/application (15.1ms)
Completed 200 OK in 48ms (Views: 19.6ms | ActiveRecord: 0.0ms)


Started GET "/users/sign_up" for 127.0.0.1 at 2011-02-09 00:47:28 +0800
  Processing by Devise::RegistrationsController#new as HTML
Rendered devise/shared/_links.erb (1.4ms)
Rendered devise/registrations/new.html.erb within layouts/application (16.5ms)
Completed 200 OK in 53ms (Views: 21.2ms | ActiveRecord: 0.0ms)


Started POST "/users" for 127.0.0.1 at 2011-02-09 00:47:34 +0800
  Processing by Devise::RegistrationsController#create as HTML
  Parameters: {"utf8"=>"✓", "authenticity_token"=>"qYpoCGkrH5Z+WGRHaMe8EsjxBJIR5fhHNWP7MsdRx/k=", "user"=>{"id"=>"3", "password"=>"[FILTERED]", "password_confirmation"=>"[FILTERED]"}, "commit"=>"Sign up"}
Rendered devise/shared/_links.erb (1.0ms)
Rendered devise/registrations/new.html.erb within layouts/application (7.0ms)
Completed 200 OK in 134ms (Views: 11.2ms | ActiveRecord: 0.0ms)


Started GET "/users" for 127.0.0.1 at 2011-02-09 00:47:48 +0800

ActionController::RoutingError (No route matches "/users"):
  

Rendered /usr/local/lib/ruby/gems/1.9.1/gems/actionpack-3.0.3/lib/action_dispatch/middleware/templates/rescues/routing_error.erb within rescues/layout (0.9ms)


Started GET "/users/sign_up" for 127.0.0.1 at 2011-02-09 00:47:51 +0800
  Processing by Devise::RegistrationsController#new as HTML
Rendered devise/shared/_links.erb (1.1ms)
Rendered devise/registrations/new.html.erb within layouts/application (14.8ms)
Completed 200 OK in 80ms (Views: 19.2ms | ActiveRecord: 0.0ms)


Started POST "/users" for 127.0.0.1 at 2011-02-09 00:47:58 +0800
  Processing by Devise::RegistrationsController#create as HTML
  Parameters: {"utf8"=>"✓", "authenticity_token"=>"qYpoCGkrH5Z+WGRHaMe8EsjxBJIR5fhHNWP7MsdRx/k=", "user"=>{"email"=>"b@b.b", "password"=>"[FILTERED]", "password_confirmation"=>"[FILTERED]"}, "commit"=>"Sign up"}
  [1m[36mUser Load (0.2ms)[0m  [1mSELECT "users"."id" FROM "users" WHERE (LOWER("users"."email") = LOWER('b@b.b')) LIMIT 1[0m
  [1m[35mUser Load (0.1ms)[0m  SELECT "users"."id" FROM "users" WHERE ("users"."email" = 'b@b.b') LIMIT 1
Rendered devise/shared/_links.erb (1.2ms)
Rendered devise/registrations/new.html.erb within layouts/application (8.4ms)
Completed 200 OK in 170ms (Views: 12.4ms | ActiveRecord: 0.3ms)


Started POST "/users" for 127.0.0.1 at 2011-02-09 00:48:01 +0800
  Processing by Devise::RegistrationsController#create as HTML
  Parameters: {"utf8"=>"✓", "authenticity_token"=>"qYpoCGkrH5Z+WGRHaMe8EsjxBJIR5fhHNWP7MsdRx/k=", "user"=>{"email"=>"b@b.com", "password"=>"[FILTERED]", "password_confirmation"=>"[FILTERED]"}, "commit"=>"Sign up"}
  [1m[36mUser Load (0.2ms)[0m  [1mSELECT "users"."id" FROM "users" WHERE (LOWER("users"."email") = LOWER('b@b.com')) LIMIT 1[0m
  [1m[35mUser Load (0.1ms)[0m  SELECT "users"."id" FROM "users" WHERE ("users"."email" = 'b@b.com') LIMIT 1
Rendered devise/shared/_links.erb (1.1ms)
Rendered devise/registrations/new.html.erb within layouts/application (7.4ms)
Completed 200 OK in 81ms (Views: 11.9ms | ActiveRecord: 0.2ms)


Started POST "/users" for 127.0.0.1 at 2011-02-09 00:48:07 +0800
  Processing by Devise::RegistrationsController#create as HTML
  Parameters: {"utf8"=>"✓", "authenticity_token"=>"qYpoCGkrH5Z+WGRHaMe8EsjxBJIR5fhHNWP7MsdRx/k=", "user"=>{"email"=>"b@b.com", "password"=>"[FILTERED]", "password_confirmation"=>"[FILTERED]"}, "commit"=>"Sign up"}
  [1m[36mUser Load (0.2ms)[0m  [1mSELECT "users"."id" FROM "users" WHERE (LOWER("users"."email") = LOWER('b@b.com')) LIMIT 1[0m
  [1m[35mUser Load (0.1ms)[0m  SELECT "users"."id" FROM "users" WHERE ("users"."email" = 'b@b.com') LIMIT 1
  [1m[36mAREL (0.3ms)[0m  [1mINSERT INTO "users" ("email", "encrypted_password", "password_salt", "reset_password_token", "remember_token", "remember_created_at", "sign_in_count", "current_sign_in_at", "last_sign_in_at", "current_sign_in_ip", "last_sign_in_ip", "created_at", "updated_at") VALUES ('b@b.com', '$2a$10$c51o.KaFXqUMNAjubIU2OuvkqVYELFCgzoUEbjvbEe9yDM91PjQKS', '$2a$10$c51o.KaFXqUMNAjubIU2Ou', NULL, NULL, NULL, 0, NULL, NULL, NULL, NULL, '2011-02-08 16:48:07.963809', '2011-02-08 16:48:07.963809')[0m
  [1m[35mAREL (0.2ms)[0m  UPDATE "users" SET "last_sign_in_at" = '2011-02-08 16:48:07.974758', "current_sign_in_at" = '2011-02-08 16:48:07.974758', "last_sign_in_ip" = '127.0.0.1', "current_sign_in_ip" = '127.0.0.1', "sign_in_count" = 1, "updated_at" = '2011-02-08 16:48:07.975052' WHERE ("users"."id" = 2)
Redirected to http://localhost:3000/
Completed 302 Found in 167ms


Started GET "/" for 127.0.0.1 at 2011-02-09 00:48:07 +0800
  Processing by HomeController#index as HTML
  [1m[36mUser Load (0.6ms)[0m  [1mSELECT "users".* FROM "users" WHERE ("users"."id" = 2) LIMIT 1[0m
Rendered home/index.html.erb within layouts/application (1.8ms)
Completed 200 OK in 73ms (Views: 5.7ms | ActiveRecord: 1.3ms)


Started GET "/users/sign_out" for 127.0.0.1 at 2011-02-09 00:48:19 +0800
  Processing by Devise::SessionsController#destroy as HTML
  [1m[35mUser Load (0.6ms)[0m  SELECT "users".* FROM "users" WHERE ("users"."id" = 2) LIMIT 1
Redirected to http://localhost:3000/
Completed 302 Found in 71ms


Started GET "/" for 127.0.0.1 at 2011-02-09 00:48:19 +0800
  Processing by HomeController#index as HTML
Completed   in 23ms


Started GET "/users/sign_in" for 127.0.0.1 at 2011-02-09 00:48:19 +0800
  Processing by Devise::SessionsController#new as HTML
Rendered devise/shared/_links.erb (1.1ms)
Rendered devise/sessions/new.html.erb within layouts/application (6.7ms)
Completed 200 OK in 76ms (Views: 10.6ms | ActiveRecord: 0.0ms)


Started POST "/users/sign_in" for 127.0.0.1 at 2011-02-09 00:48:24 +0800
  Processing by Devise::SessionsController#create as HTML
  Parameters: {"utf8"=>"✓", "authenticity_token"=>"qYpoCGkrH5Z+WGRHaMe8EsjxBJIR5fhHNWP7MsdRx/k=", "user"=>{"id"=>"2", "password"=>"[FILTERED]", "remember_me"=>"0"}, "commit"=>"Sign in"}
  [1m[36mUser Load (0.6ms)[0m  [1mSELECT "users".* FROM "users" WHERE ("users"."id" = 2) LIMIT 1[0m
  [1m[35mAREL (0.2ms)[0m  UPDATE "users" SET "current_sign_in_at" = '2011-02-08 16:48:24.236603', "sign_in_count" = 2, "updated_at" = '2011-02-08 16:48:24.237054' WHERE ("users"."id" = 2)
Redirected to http://localhost:3000/
Completed 302 Found in 162ms


Started GET "/" for 127.0.0.1 at 2011-02-09 00:48:24 +0800
  Processing by HomeController#index as HTML
  [1m[36mUser Load (0.5ms)[0m  [1mSELECT "users".* FROM "users" WHERE ("users"."id" = 2) LIMIT 1[0m
Rendered home/index.html.erb within layouts/application (1.7ms)
Completed 200 OK in 44ms (Views: 5.6ms | ActiveRecord: 1.3ms)


Started GET "/users/sign_out" for 127.0.0.1 at 2011-02-09 00:56:24 +0800
  Processing by Devise::SessionsController#destroy as HTML
  [1m[35mUser Load (0.6ms)[0m  SELECT "users".* FROM "users" WHERE ("users"."id" = 2) LIMIT 1
Redirected to http://localhost:3000/
Completed 302 Found in 40ms


Started GET "/" for 127.0.0.1 at 2011-02-09 00:56:24 +0800
  Processing by HomeController#index as HTML
Completed   in 20ms


Started GET "/users/sign_in" for 127.0.0.1 at 2011-02-09 00:56:24 +0800
  Processing by Devise::SessionsController#new as HTML
Rendered devise/shared/_links.erb (1.0ms)
Rendered devise/sessions/new.html.erb within layouts/application (6.3ms)
Completed 200 OK in 71ms (Views: 10.3ms | ActiveRecord: 0.0ms)


Started GET "/users/sign_up" for 127.0.0.1 at 2011-02-09 00:56:29 +0800
  Processing by Devise::RegistrationsController#new as HTML
Rendered devise/shared/_links.erb (1.6ms)
Rendered devise/registrations/new.html.erb within layouts/application (19.0ms)
Completed 200 OK in 49ms (Views: 23.5ms | ActiveRecord: 0.0ms)


Started GET "/users/sign_up" for 127.0.0.1 at 2011-02-09 00:56:47 +0800
  Processing by Devise::RegistrationsController#new as HTML
Rendered devise/shared/_links.erb (1.1ms)
Rendered devise/registrations/new.html.erb within layouts/application (15.2ms)
Completed 200 OK in 46ms (Views: 19.5ms | ActiveRecord: 0.0ms)


Started POST "/users" for 127.0.0.1 at 2011-02-09 00:56:54 +0800
  Processing by Devise::RegistrationsController#create as HTML
  Parameters: {"utf8"=>"✓", "authenticity_token"=>"qYpoCGkrH5Z+WGRHaMe8EsjxBJIR5fhHNWP7MsdRx/k=", "user"=>{"id"=>"123", "password"=>"[FILTERED]", "password_confirmation"=>"[FILTERED]"}, "commit"=>"Sign up"}
  [1m[36mAREL (0.3ms)[0m  [1mINSERT INTO "users" ("email", "encrypted_password", "password_salt", "reset_password_token", "remember_token", "remember_created_at", "sign_in_count", "current_sign_in_at", "last_sign_in_at", "current_sign_in_ip", "last_sign_in_ip", "created_at", "updated_at", "id") VALUES ('', '', '', NULL, NULL, NULL, 0, NULL, NULL, NULL, NULL, '2011-02-08 16:56:54.096212', '2011-02-08 16:56:54.096212', 123)[0m
  [1m[35mAREL (0.2ms)[0m  UPDATE "users" SET "last_sign_in_at" = '2011-02-08 16:56:54.109833', "current_sign_in_at" = '2011-02-08 16:56:54.109833', "last_sign_in_ip" = '127.0.0.1', "current_sign_in_ip" = '127.0.0.1', "sign_in_count" = 1, "updated_at" = '2011-02-08 16:56:54.110158' WHERE ("users"."id" = 123)
Redirected to http://localhost:3000/
Completed 302 Found in 48ms


Started GET "/" for 127.0.0.1 at 2011-02-09 00:56:54 +0800
  Processing by HomeController#index as HTML
  [1m[36mUser Load (0.5ms)[0m  [1mSELECT "users".* FROM "users" WHERE ("users"."id" = 123) LIMIT 1[0m
Rendered home/index.html.erb within layouts/application (1.8ms)
Completed 200 OK in 67ms (Views: 5.8ms | ActiveRecord: 1.0ms)


Started GET "/sign_in" for 127.0.0.1 at 2011-02-09 00:57:01 +0800

ActionController::RoutingError (No route matches "/sign_in"):
  

Rendered /usr/local/lib/ruby/gems/1.9.1/gems/actionpack-3.0.3/lib/action_dispatch/middleware/templates/rescues/routing_error.erb within rescues/layout (0.9ms)


Started GET "/users/sign_up" for 127.0.0.1 at 2011-02-09 00:57:07 +0800
  Processing by Devise::RegistrationsController#new as HTML
  [1m[35mUser Load (0.5ms)[0m  SELECT "users".* FROM "users" WHERE ("users"."id" = 123) LIMIT 1
Redirected to http://localhost:3000/
Completed 302 Found in 68ms


Started GET "/" for 127.0.0.1 at 2011-02-09 00:57:07 +0800
  Processing by HomeController#index as HTML
  [1m[36mUser Load (0.5ms)[0m  [1mSELECT "users".* FROM "users" WHERE ("users"."id" = 123) LIMIT 1[0m
Rendered home/index.html.erb within layouts/application (2.0ms)
Completed 200 OK in 70ms (Views: 5.9ms | ActiveRecord: 1.6ms)


Started GET "/users/sign_out" for 127.0.0.1 at 2011-02-09 00:57:13 +0800
  Processing by Devise::SessionsController#destroy as HTML
  [1m[35mUser Load (0.6ms)[0m  SELECT "users".* FROM "users" WHERE ("users"."id" = 123) LIMIT 1
Redirected to http://localhost:3000/
Completed 302 Found in 39ms


Started GET "/" for 127.0.0.1 at 2011-02-09 00:57:13 +0800
  Processing by HomeController#index as HTML
Completed   in 19ms


Started GET "/users/sign_in" for 127.0.0.1 at 2011-02-09 00:57:13 +0800
  Processing by Devise::SessionsController#new as HTML
Rendered devise/shared/_links.erb (1.1ms)
Rendered devise/sessions/new.html.erb within layouts/application (6.7ms)
Completed 200 OK in 68ms (Views: 10.7ms | ActiveRecord: 0.0ms)


Started POST "/users/sign_in" for 127.0.0.1 at 2011-02-09 00:57:18 +0800
  Processing by Devise::SessionsController#create as HTML
  Parameters: {"utf8"=>"✓", "authenticity_token"=>"qYpoCGkrH5Z+WGRHaMe8EsjxBJIR5fhHNWP7MsdRx/k=", "user"=>{"id"=>"123213", "password"=>"[FILTERED]", "remember_me"=>"0"}, "commit"=>"Sign in"}
Completed   in 20ms
  Processing by Devise::SessionsController#new as HTML
  Parameters: {"utf8"=>"✓", "authenticity_token"=>"qYpoCGkrH5Z+WGRHaMe8EsjxBJIR5fhHNWP7MsdRx/k=", "user"=>{"id"=>"123213", "password"=>"[FILTERED]", "remember_me"=>"0"}, "commit"=>"Sign in"}
Rendered devise/shared/_links.erb (1.1ms)
Rendered devise/sessions/new.html.erb within layouts/application (6.9ms)
Completed 200 OK in 23ms (Views: 11.0ms | ActiveRecord: 0.0ms)


Started POST "/users/sign_in" for 127.0.0.1 at 2011-02-09 00:57:24 +0800
  Processing by Devise::SessionsController#create as HTML
  Parameters: {"utf8"=>"✓", "authenticity_token"=>"qYpoCGkrH5Z+WGRHaMe8EsjxBJIR5fhHNWP7MsdRx/k=", "user"=>{"id"=>"123", "password"=>"[FILTERED]", "remember_me"=>"0"}, "commit"=>"Sign in"}
Completed   in 20ms
  Processing by Devise::SessionsController#new as HTML
  Parameters: {"utf8"=>"✓", "authenticity_token"=>"qYpoCGkrH5Z+WGRHaMe8EsjxBJIR5fhHNWP7MsdRx/k=", "user"=>{"id"=>"123", "password"=>"[FILTERED]", "remember_me"=>"0"}, "commit"=>"Sign in"}
Rendered devise/shared/_links.erb (1.2ms)
Rendered devise/sessions/new.html.erb within layouts/application (6.5ms)
Completed 200 OK in 22ms (Views: 10.7ms | ActiveRecord: 0.0ms)


Started POST "/users/sign_in" for 127.0.0.1 at 2011-02-09 00:57:35 +0800
  Processing by Devise::SessionsController#create as HTML
  Parameters: {"utf8"=>"✓", "authenticity_token"=>"qYpoCGkrH5Z+WGRHaMe8EsjxBJIR5fhHNWP7MsdRx/k=", "user"=>{"id"=>"123", "password"=>"[FILTERED]", "remember_me"=>"0"}, "commit"=>"Sign in"}
Completed   in 48ms
  Processing by Devise::SessionsController#new as HTML
  Parameters: {"utf8"=>"✓", "authenticity_token"=>"qYpoCGkrH5Z+WGRHaMe8EsjxBJIR5fhHNWP7MsdRx/k=", "user"=>{"id"=>"123", "password"=>"[FILTERED]", "remember_me"=>"0"}, "commit"=>"Sign in"}
Rendered devise/shared/_links.erb (1.1ms)
Rendered devise/sessions/new.html.erb within layouts/application (7.1ms)
Completed 200 OK in 23ms (Views: 11.2ms | ActiveRecord: 0.0ms)


Started GET "/users/sign_up" for 127.0.0.1 at 2011-02-09 00:58:14 +0800
  Processing by Devise::RegistrationsController#new as HTML
Rendered devise/shared/_links.erb (1.1ms)
Rendered devise/registrations/new.html.erb within layouts/application (44.5ms)
Completed 200 OK in 76ms (Views: 49.0ms | ActiveRecord: 0.0ms)


Started POST "/users" for 127.0.0.1 at 2011-02-09 00:58:22 +0800
  Processing by Devise::RegistrationsController#create as HTML
  Parameters: {"utf8"=>"✓", "authenticity_token"=>"qYpoCGkrH5Z+WGRHaMe8EsjxBJIR5fhHNWP7MsdRx/k=", "user"=>{"id"=>"5", "password"=>"[FILTERED]", "password_confirmation"=>"[FILTERED]"}, "commit"=>"Sign up"}
  [1m[36mAREL (2.8ms)[0m  [1mINSERT INTO "users" ("email", "encrypted_password", "password_salt", "reset_password_token", "remember_token", "remember_created_at", "sign_in_count", "current_sign_in_at", "last_sign_in_at", "current_sign_in_ip", "last_sign_in_ip", "created_at", "updated_at", "id") VALUES ('', '$2a$10$FXYHvYTW4MMHjOoKmYklqurGJFVNYXzgSv8COnxHw.ekavJKmCbyW', '$2a$10$FXYHvYTW4MMHjOoKmYklqu', NULL, NULL, NULL, 0, NULL, NULL, NULL, NULL, '2011-02-08 16:58:22.469759', '2011-02-08 16:58:22.469759', 5)[0m
SQLite3::ConstraintException: column email is not unique: INSERT INTO "users" ("email", "encrypted_password", "password_salt", "reset_password_token", "remember_token", "remember_created_at", "sign_in_count", "current_sign_in_at", "last_sign_in_at", "current_sign_in_ip", "last_sign_in_ip", "created_at", "updated_at", "id") VALUES ('', '$2a$10$FXYHvYTW4MMHjOoKmYklqurGJFVNYXzgSv8COnxHw.ekavJKmCbyW', '$2a$10$FXYHvYTW4MMHjOoKmYklqu', NULL, NULL, NULL, 0, NULL, NULL, NULL, NULL, '2011-02-08 16:58:22.469759', '2011-02-08 16:58:22.469759', 5)
Completed   in 156ms

ActiveRecord::RecordNotUnique (SQLite3::ConstraintException: column email is not unique: INSERT INTO "users" ("email", "encrypted_password", "password_salt", "reset_password_token", "remember_token", "remember_created_at", "sign_in_count", "current_sign_in_at", "last_sign_in_at", "current_sign_in_ip", "last_sign_in_ip", "created_at", "updated_at", "id") VALUES ('', '$2a$10$FXYHvYTW4MMHjOoKmYklqurGJFVNYXzgSv8COnxHw.ekavJKmCbyW', '$2a$10$FXYHvYTW4MMHjOoKmYklqu', NULL, NULL, NULL, 0, NULL, NULL, NULL, NULL, '2011-02-08 16:58:22.469759', '2011-02-08 16:58:22.469759', 5)):
  

Rendered /usr/local/lib/ruby/gems/1.9.1/gems/actionpack-3.0.3/lib/action_dispatch/middleware/templates/rescues/_trace.erb (1.0ms)
Rendered /usr/local/lib/ruby/gems/1.9.1/gems/actionpack-3.0.3/lib/action_dispatch/middleware/templates/rescues/_request_and_response.erb (76.3ms)
Rendered /usr/local/lib/ruby/gems/1.9.1/gems/actionpack-3.0.3/lib/action_dispatch/middleware/templates/rescues/diagnostics.erb within rescues/layout (81.0ms)


Started POST "/users" for 127.0.0.1 at 2011-02-09 01:00:48 +0800
  Processing by Devise::RegistrationsController#create as HTML
  Parameters: {"utf8"=>"✓", "authenticity_token"=>"qYpoCGkrH5Z+WGRHaMe8EsjxBJIR5fhHNWP7MsdRx/k=", "user"=>{"id"=>"5", "password"=>"[FILTERED]", "password_confirmation"=>"[FILTERED]"}, "commit"=>"Sign up"}
  [1m[35mAREL (0.3ms)[0m  INSERT INTO "users" ("email", "encrypted_password", "password_salt", "reset_password_token", "remember_token", "remember_created_at", "sign_in_count", "current_sign_in_at", "last_sign_in_at", "current_sign_in_ip", "last_sign_in_ip", "created_at", "updated_at", "id") VALUES ('', '$2a$10$usOgzTipZ0mUbLPXb.oUJebxetYKWRNIo5bJS4BI/2L5oRNS57y46', '$2a$10$usOgzTipZ0mUbLPXb.oUJe', NULL, NULL, NULL, 0, NULL, NULL, NULL, NULL, '2011-02-08 17:00:49.082712', '2011-02-08 17:00:49.082712', 5)
  [1m[36mAREL (0.2ms)[0m  [1mUPDATE "users" SET "last_sign_in_at" = '2011-02-08 17:00:49.095833', "current_sign_in_at" = '2011-02-08 17:00:49.095833', "last_sign_in_ip" = '127.0.0.1', "current_sign_in_ip" = '127.0.0.1', "sign_in_count" = 1, "updated_at" = '2011-02-08 17:00:49.096128' WHERE ("users"."id" = 5)[0m
Redirected to http://localhost:3000/
Completed 302 Found in 160ms


Started GET "/" for 127.0.0.1 at 2011-02-09 01:00:49 +0800
  Processing by HomeController#index as HTML
  [1m[35mUser Load (0.6ms)[0m  SELECT "users".* FROM "users" WHERE ("users"."id" = 5) LIMIT 1
Rendered home/index.html.erb within layouts/application (31.6ms)
Completed 200 OK in 73ms (Views: 35.7ms | ActiveRecord: 1.1ms)


Started GET "/users/sign_out" for 127.0.0.1 at 2011-02-09 01:01:04 +0800
  Processing by Devise::SessionsController#destroy as HTML
  [1m[36mUser Load (0.6ms)[0m  [1mSELECT "users".* FROM "users" WHERE ("users"."id" = 5) LIMIT 1[0m
Redirected to http://localhost:3000/
Completed 302 Found in 41ms


Started GET "/" for 127.0.0.1 at 2011-02-09 01:01:04 +0800
  Processing by HomeController#index as HTML
Completed   in 20ms


Started GET "/users/sign_in" for 127.0.0.1 at 2011-02-09 01:01:04 +0800
  Processing by Devise::SessionsController#new as HTML
Rendered devise/shared/_links.erb (1.1ms)
Rendered devise/sessions/new.html.erb within layouts/application (6.4ms)
Completed 200 OK in 72ms (Views: 10.3ms | ActiveRecord: 0.0ms)


Started POST "/users/sign_in" for 127.0.0.1 at 2011-02-09 01:01:09 +0800
  Processing by Devise::SessionsController#create as HTML
  Parameters: {"utf8"=>"✓", "authenticity_token"=>"qYpoCGkrH5Z+WGRHaMe8EsjxBJIR5fhHNWP7MsdRx/k=", "user"=>{"id"=>"5", "password"=>"[FILTERED]", "remember_me"=>"0"}, "commit"=>"Sign in"}
  [1m[35mUser Load (0.5ms)[0m  SELECT "users".* FROM "users" WHERE ("users"."id" = 5) LIMIT 1
Completed   in 122ms
  Processing by Devise::SessionsController#new as HTML
  Parameters: {"utf8"=>"✓", "authenticity_token"=>"qYpoCGkrH5Z+WGRHaMe8EsjxBJIR5fhHNWP7MsdRx/k=", "user"=>{"id"=>"5", "password"=>"[FILTERED]", "remember_me"=>"0"}, "commit"=>"Sign in"}
Rendered devise/shared/_links.erb (1.2ms)
Rendered devise/sessions/new.html.erb within layouts/application (6.6ms)
Completed 200 OK in 99ms (Views: 10.6ms | ActiveRecord: 0.5ms)


Started POST "/users/sign_in" for 127.0.0.1 at 2011-02-09 01:01:13 +0800
  Processing by Devise::SessionsController#create as HTML
  Parameters: {"utf8"=>"✓", "authenticity_token"=>"qYpoCGkrH5Z+WGRHaMe8EsjxBJIR5fhHNWP7MsdRx/k=", "user"=>{"id"=>"5", "password"=>"[FILTERED]", "remember_me"=>"0"}, "commit"=>"Sign in"}
  [1m[36mUser Load (0.6ms)[0m  [1mSELECT "users".* FROM "users" WHERE ("users"."id" = 5) LIMIT 1[0m
  [1m[35mAREL (0.2ms)[0m  UPDATE "users" SET "current_sign_in_at" = '2011-02-08 17:01:13.571443', "sign_in_count" = 2, "updated_at" = '2011-02-08 17:01:13.571929' WHERE ("users"."id" = 5)
Redirected to http://localhost:3000/
Completed 302 Found in 131ms


Started GET "/" for 127.0.0.1 at 2011-02-09 01:01:13 +0800
  Processing by HomeController#index as HTML
  [1m[36mUser Load (0.5ms)[0m  [1mSELECT "users".* FROM "users" WHERE ("users"."id" = 5) LIMIT 1[0m
Rendered home/index.html.erb within layouts/application (1.9ms)
Completed 200 OK in 73ms (Views: 6.1ms | ActiveRecord: 1.3ms)
