

Started GET "/thuauth/auth_with_xls_and_get_name" for 127.0.0.1 at Thu Feb 17 23:41:33 +0800 2011
  Processing by ThuauthController#auth_with_xls_and_get_name as HTML
Rendered thuauth/auth_with_xls_and_get_name.html.erb within layouts/application (2.2ms)
Completed 200 OK in 8ms (Views: 6.6ms | ActiveRecord: 0.0ms)


Started POST "/thuauth/auth_with_xls_and_get_name" for 127.0.0.1 at Thu Feb 17 23:41:38 +0800 2011
  Processing by ThuauthController#auth_with_xls_and_get_name as HTML
  Parameters: {"username"=>"2007011324", "authenticity_token"=>"Fq10uqHMWQP+y3I2eV0x4eY3UOu9twXn2FkRbplZ7q0=", "utf8"=>"✓", "password"=>"[FILTERED]", "redirect_to"=>""}
Completed   in 28912ms

NameError (uninitialized constant ThuauthController::SECRET):
  app/controllers/thuauth_controller.rb:20:in `auth_with_xls_and_get_name'
  app/controllers/thuauth_controller.rb:9:in `exclusive'
  app/controllers/thuauth_controller.rb:9:in `auth_with_xls_and_get_name'

Rendered /usr/lib/ruby/gems/1.8/gems/actionpack-3.0.4/lib/action_dispatch/middleware/templates/rescues/_trace.erb (2.1ms)
Rendered /usr/lib/ruby/gems/1.8/gems/actionpack-3.0.4/lib/action_dispatch/middleware/templates/rescues/_request_and_response.erb (15.1ms)
Rendered /usr/lib/ruby/gems/1.8/gems/actionpack-3.0.4/lib/action_dispatch/middleware/templates/rescues/diagnostics.erb within rescues/layout (24.3ms)


Started GET "/thuauth/auth_with_xls_and_get_name" for 127.0.0.1 at Thu Feb 17 23:43:08 +0800 2011
  Processing by ThuauthController#auth_with_xls_and_get_name as HTML
Rendered thuauth/auth_with_xls_and_get_name.html.erb within layouts/application (2.2ms)
Completed 200 OK in 6ms (Views: 5.2ms | ActiveRecord: 0.0ms)


Started POST "/thuauth/auth_with_xls_and_get_name" for 127.0.0.1 at Thu Feb 17 23:43:13 +0800 2011
  Processing by ThuauthController#auth_with_xls_and_get_name as HTML
  Parameters: {"username"=>"2007011324", "authenticity_token"=>"Fq10uqHMWQP+y3I2eV0x4eY3UOu9twXn2FkRbplZ7q0=", "utf8"=>"✓", "password"=>"[FILTERED]", "redirect_to"=>""}
Rendered thuauth/auth_with_xls_and_get_name.html.erb within layouts/application (5.4ms)
Completed 200 OK in 25472ms (Views: 13.0ms | ActiveRecord: 0.0ms)


Started POST "/thuauth/auth_with_xls_and_get_name" for 127.0.0.1 at Thu Feb 17 23:50:42 +0800 2011
  Processing by ThuauthController#auth_with_xls_and_get_name as HTML
  Parameters: {"username"=>"2007011324", "authenticity_token"=>"Fq10uqHMWQP+y3I2eV0x4eY3UOu9twXn2FkRbplZ7q0=", "utf8"=>"✓", "password"=>"[FILTERED]", "redirect_to"=>""}
Completed   in 1346ms

ThreadError (timeout within critical session):
  app/controllers/thuauth_controller.rb:27:in `auth_with_xls_and_get_name'
  app/controllers/thuauth_controller.rb:14:in `exclusive'
  app/controllers/thuauth_controller.rb:14:in `auth_with_xls_and_get_name'

Rendered /usr/lib/ruby/gems/1.8/gems/actionpack-3.0.4/lib/action_dispatch/middleware/templates/rescues/_trace.erb (1.1ms)
Rendered /usr/lib/ruby/gems/1.8/gems/actionpack-3.0.4/lib/action_dispatch/middleware/templates/rescues/_request_and_response.erb (14.0ms)
Rendered /usr/lib/ruby/gems/1.8/gems/actionpack-3.0.4/lib/action_dispatch/middleware/templates/rescues/diagnostics.erb within rescues/layout (18.3ms)


Started GET "/thuauth/auth_with_xls_and_get_name" for 127.0.0.1 at Thu Feb 17 23:51:33 +0800 2011
  Processing by ThuauthController#auth_with_xls_and_get_name as HTML
Rendered thuauth/auth_with_xls_and_get_name.html.erb within layouts/application (2.3ms)
Completed 200 OK in 6ms (Views: 5.3ms | ActiveRecord: 0.0ms)


Started GET "/thuauth/auth_with_xls_and_get_name" for 127.0.0.1 at Thu Feb 17 23:51:41 +0800 2011
  Processing by ThuauthController#auth_with_xls_and_get_name as HTML
Rendered thuauth/auth_with_xls_and_get_name.html.erb within layouts/application (2.4ms)
Completed 200 OK in 7ms (Views: 6.5ms | ActiveRecord: 0.0ms)


Started POST "/thuauth/auth_with_xls_and_get_name" for 127.0.0.1 at Thu Feb 17 23:51:46 +0800 2011
  Processing by ThuauthController#auth_with_xls_and_get_name as HTML
  Parameters: {"username"=>"2007011324", "authenticity_token"=>"Fq10uqHMWQP+y3I2eV0x4eY3UOu9twXn2FkRbplZ7q0=", "utf8"=>"✓", "password"=>"[FILTERED]", "redirect_to"=>""}
Rendered thuauth/auth_with_xls_and_get_name.html.erb within layouts/application (4.4ms)
Completed 200 OK in 20589ms (Views: 10.6ms | ActiveRecord: 0.0ms)


Started GET "/thuauth/auth_with_xls_and_get_name" for 127.0.0.1 at Thu Feb 17 23:53:52 +0800 2011
  Processing by ThuauthController#auth_with_xls_and_get_name as HTML
Rendered thuauth/auth_with_xls_and_get_name.html.erb within layouts/application (2.6ms)
Completed 200 OK in 6ms (Views: 5.8ms | ActiveRecord: 0.0ms)


Started GET "/thuauth/auth_with_xls_and_get_name" for 127.0.0.1 at Thu Feb 17 23:54:01 +0800 2011
  Processing by ThuauthController#auth_with_xls_and_get_name as HTML
Rendered thuauth/auth_with_xls_and_get_name.html.erb within layouts/application (2.5ms)
Completed 200 OK in 7ms (Views: 6.2ms | ActiveRecord: 0.0ms)


Started POST "/thuauth/auth_with_xls_and_get_name" for 127.0.0.1 at Thu Feb 17 23:54:08 +0800 2011
  Processing by ThuauthController#auth_with_xls_and_get_name as HTML
  Parameters: {"username"=>"2007011324", "authenticity_token"=>"Fq10uqHMWQP+y3I2eV0x4eY3UOu9twXn2FkRbplZ7q0=", "utf8"=>"✓", "password"=>"[FILTERED]", "redirect_to"=>""}
Completed   in 190994ms


Started GET "/thuauth/auth_with_xls_and_get_name" for 127.0.0.1 at Thu Feb 17 23:57:30 +0800 2011
  Processing by ThuauthController#auth_with_xls_and_get_name as HTML
Rendered thuauth/auth_with_xls_and_get_name.html.erb within layouts/application (2.2ms)
Completed 200 OK in 6ms (Views: 5.2ms | ActiveRecord: 0.0ms)


Started POST "/thuauth/auth_with_xls_and_get_name" for 127.0.0.1 at Thu Feb 17 23:57:36 +0800 2011
  Processing by ThuauthController#auth_with_xls_and_get_name as HTML
  Parameters: {"username"=>"2007011324", "authenticity_token"=>"Fq10uqHMWQP+y3I2eV0x4eY3UOu9twXn2FkRbplZ7q0=", "utf8"=>"✓", "password"=>"[FILTERED]", "redirect_to"=>""}
Completed   in 106097ms


Started GET "/thuauth/auth_with_xls_and_get_name" for 127.0.0.1 at Fri Feb 18 00:01:28 +0800 2011
  Processing by ThuauthController#auth_with_xls_and_get_name as HTML
Rendered thuauth/auth_with_xls_and_get_name.html.erb within layouts/application (2.3ms)
Completed 200 OK in 6ms (Views: 5.6ms | ActiveRecord: 0.0ms)


Started POST "/thuauth/auth_with_xls_and_get_name" for 127.0.0.1 at Fri Feb 18 00:01:35 +0800 2011
  Processing by ThuauthController#auth_with_xls_and_get_name as HTML
  Parameters: {"username"=>"2007011324", "authenticity_token"=>"Fq10uqHMWQP+y3I2eV0x4eY3UOu9twXn2FkRbplZ7q0=", "utf8"=>"✓", "password"=>"[FILTERED]", "redirect_to"=>""}
Rendered thuauth/auth_with_xls_and_get_name.html.erb within layouts/application (5.0ms)
Completed 200 OK in 24194ms (Views: 11.9ms | ActiveRecord: 0.0ms)


Started GET "/thuauth/auth_with_xls_and_get_name" for 127.0.0.1 at Fri Feb 18 00:12:02 +0800 2011
  Processing by ThuauthController#auth_with_xls_and_get_name as HTML
Rendered thuauth/auth_with_xls_and_get_name.html.erb within layouts/application (4.4ms)
Completed 200 OK in 8ms (Views: 7.8ms | ActiveRecord: 0.0ms)


Started GET "/thuauth/auth_with_xls_and_get_name" for 127.0.0.1 at Fri Feb 18 00:12:07 +0800 2011
  Processing by ThuauthController#auth_with_xls_and_get_name as HTML
Rendered thuauth/auth_with_xls_and_get_name.html.erb within layouts/application (2.4ms)
Completed 200 OK in 7ms (Views: 6.2ms | ActiveRecord: 0.0ms)


Started POST "/thuauth/auth_with_xls_and_get_name" for 127.0.0.1 at Fri Feb 18 00:19:13 +0800 2011
  Processing by ThuauthController#auth_with_xls_and_get_name as HTML
  Parameters: {"username"=>"2007011324", "authenticity_token"=>"Fq10uqHMWQP+y3I2eV0x4eY3UOu9twXn2FkRbplZ7q0=", "utf8"=>"✓", "password"=>"[FILTERED]", "redirect_to"=>""}
Completed   in 253107ms


Started GET "/thuauth/auth_with_xls_and_get_name" for 127.0.0.1 at Fri Feb 18 00:24:27 +0800 2011
  Processing by ThuauthController#auth_with_xls_and_get_name as HTML
Rendered thuauth/auth_with_xls_and_get_name.html.erb within layouts/application (2.1ms)
Completed 200 OK in 6ms (Views: 5.2ms | ActiveRecord: 0.0ms)


Started POST "/thuauth/auth_with_xls_and_get_name" for 127.0.0.1 at Fri Feb 18 00:24:34 +0800 2011
  Processing by ThuauthController#auth_with_xls_and_get_name as HTML
  Parameters: {"username"=>"2007011324", "authenticity_token"=>"Fq10uqHMWQP+y3I2eV0x4eY3UOu9twXn2FkRbplZ7q0=", "utf8"=>"✓", "password"=>"[FILTERED]", "redirect_to"=>""}
Completed   in 72791ms


Started GET "/thuauth/auth_with_xls_and_get_name" for 127.0.0.1 at Fri Feb 18 00:26:00 +0800 2011
  Processing by ThuauthController#auth_with_xls_and_get_name as HTML
Rendered thuauth/auth_with_xls_and_get_name.html.erb within layouts/application (2.1ms)
Completed 200 OK in 6ms (Views: 5.2ms | ActiveRecord: 0.0ms)


Started POST "/thuauth/auth_with_xls_and_get_name" for 127.0.0.1 at Fri Feb 18 00:26:05 +0800 2011
  Processing by ThuauthController#auth_with_xls_and_get_name as HTML
  Parameters: {"username"=>"2007011324", "authenticity_token"=>"Fq10uqHMWQP+y3I2eV0x4eY3UOu9twXn2FkRbplZ7q0=", "utf8"=>"✓", "password"=>"[FILTERED]", "redirect_to"=>""}
Completed   in 27233ms

NoMethodError (undefined method `path' for "http://localhost:3000/auth/confirm":String):
  app/controllers/thuauth_controller.rb:27:in `auth_with_xls_and_get_name'
  app/controllers/thuauth_controller.rb:16:in `exclusive'
  app/controllers/thuauth_controller.rb:16:in `auth_with_xls_and_get_name'

Rendered /usr/lib/ruby/gems/1.8/gems/actionpack-3.0.4/lib/action_dispatch/middleware/templates/rescues/_trace.erb (0.9ms)
Rendered /usr/lib/ruby/gems/1.8/gems/actionpack-3.0.4/lib/action_dispatch/middleware/templates/rescues/_request_and_response.erb (6.1ms)
Rendered /usr/lib/ruby/gems/1.8/gems/actionpack-3.0.4/lib/action_dispatch/middleware/templates/rescues/diagnostics.erb within rescues/layout (9.9ms)


Started GET "/thuauth/auth_with_xls_and_get_name" for 127.0.0.1 at Fri Feb 18 00:31:55 +0800 2011
  Processing by ThuauthController#auth_with_xls_and_get_name as HTML
Rendered thuauth/auth_with_xls_and_get_name.html.erb within layouts/application (2.1ms)
Completed 200 OK in 6ms (Views: 5.2ms | ActiveRecord: 0.0ms)


Started POST "/thuauth/auth_with_xls_and_get_name" for 127.0.0.1 at Fri Feb 18 00:32:06 +0800 2011
  Processing by ThuauthController#auth_with_xls_and_get_name as HTML
  Parameters: {"username"=>"2007011324", "authenticity_token"=>"Fq10uqHMWQP+y3I2eV0x4eY3UOu9twXn2FkRbplZ7q0=", "utf8"=>"✓", "password"=>"[FILTERED]", "redirect_to"=>""}
Completed   in 20212ms

NoMethodError (undefined method `encode' for Base64:Module):
  app/controllers/thuauth_controller.rb:25:in `auth_with_xls_and_get_name'
  app/controllers/thuauth_controller.rb:16:in `exclusive'
  app/controllers/thuauth_controller.rb:16:in `auth_with_xls_and_get_name'

Rendered /usr/lib/ruby/gems/1.8/gems/actionpack-3.0.4/lib/action_dispatch/middleware/templates/rescues/_trace.erb (1.1ms)
Rendered /usr/lib/ruby/gems/1.8/gems/actionpack-3.0.4/lib/action_dispatch/middleware/templates/rescues/_request_and_response.erb (6.0ms)
Rendered /usr/lib/ruby/gems/1.8/gems/actionpack-3.0.4/lib/action_dispatch/middleware/templates/rescues/diagnostics.erb within rescues/layout (10.9ms)


Started GET "/thuauth/auth_with_xls_and_get_name" for 127.0.0.1 at Fri Feb 18 00:34:24 +0800 2011
  Processing by ThuauthController#auth_with_xls_and_get_name as HTML
Rendered thuauth/auth_with_xls_and_get_name.html.erb within layouts/application (2.1ms)
Completed 200 OK in 6ms (Views: 5.3ms | ActiveRecord: 0.0ms)


Started POST "/thuauth/auth_with_xls_and_get_name" for 127.0.0.1 at Fri Feb 18 00:34:29 +0800 2011
  Processing by ThuauthController#auth_with_xls_and_get_name as HTML
  Parameters: {"username"=>"2007011324", "authenticity_token"=>"Fq10uqHMWQP+y3I2eV0x4eY3UOu9twXn2FkRbplZ7q0=", "utf8"=>"✓", "password"=>"[FILTERED]", "redirect_to"=>""}
Rendered thuauth/auth_with_xls_and_get_name.html.erb within layouts/application (2.8ms)
Completed 200 OK in 36015ms (Views: 6.1ms | ActiveRecord: 0.0ms)

ActionDispatch::Cookies::CookieOverflow (ActionDispatch::Cookies::CookieOverflow):
  

Rendered /usr/lib/ruby/gems/1.8/gems/actionpack-3.0.4/lib/action_dispatch/middleware/templates/rescues/_trace.erb (0.9ms)
Rendered /usr/lib/ruby/gems/1.8/gems/actionpack-3.0.4/lib/action_dispatch/middleware/templates/rescues/_request_and_response.erb (42.3ms)
Rendered /usr/lib/ruby/gems/1.8/gems/actionpack-3.0.4/lib/action_dispatch/middleware/templates/rescues/diagnostics.erb within rescues/layout (46.7ms)


Started GET "/thuauth/auth_with_xls_and_get_name" for 127.0.0.1 at Fri Feb 18 00:39:49 +0800 2011
  Processing by ThuauthController#auth_with_xls_and_get_name as HTML
Rendered thuauth/auth_with_xls_and_get_name.html.erb within layouts/application (2.2ms)
Completed 200 OK in 6ms (Views: 5.4ms | ActiveRecord: 0.0ms)


Started POST "/thuauth/auth_with_xls_and_get_name" for 127.0.0.1 at Fri Feb 18 00:39:54 +0800 2011
  Processing by ThuauthController#auth_with_xls_and_get_name as HTML
  Parameters: {"username"=>"2007011324", "authenticity_token"=>"Fq10uqHMWQP+y3I2eV0x4eY3UOu9twXn2FkRbplZ7q0=", "utf8"=>"✓", "password"=>"[FILTERED]", "redirect_to"=>""}
Rendered thuauth/auth_with_xls_and_get_name.html.erb within layouts/application (2.4ms)
Completed 200 OK in 26331ms (Views: 5.8ms | ActiveRecord: 0.0ms)

ActionDispatch::Cookies::CookieOverflow (ActionDispatch::Cookies::CookieOverflow):
  

Rendered /usr/lib/ruby/gems/1.8/gems/actionpack-3.0.4/lib/action_dispatch/middleware/templates/rescues/_trace.erb (0.9ms)
Rendered /usr/lib/ruby/gems/1.8/gems/actionpack-3.0.4/lib/action_dispatch/middleware/templates/rescues/_request_and_response.erb (14.3ms)
Rendered /usr/lib/ruby/gems/1.8/gems/actionpack-3.0.4/lib/action_dispatch/middleware/templates/rescues/diagnostics.erb within rescues/layout (18.2ms)


Started GET "/thuauth/auth_with_xls_and_get_name" for 127.0.0.1 at Fri Feb 18 00:41:39 +0800 2011
  Processing by ThuauthController#auth_with_xls_and_get_name as HTML
Rendered thuauth/auth_with_xls_and_get_name.html.erb within layouts/application (2.4ms)
Completed 200 OK in 6ms (Views: 5.7ms | ActiveRecord: 0.0ms)


Started POST "/thuauth/auth_with_xls_and_get_name" for 127.0.0.1 at Fri Feb 18 00:41:44 +0800 2011
  Processing by ThuauthController#auth_with_xls_and_get_name as HTML
  Parameters: {"username"=>"2007011324", "authenticity_token"=>"Fq10uqHMWQP+y3I2eV0x4eY3UOu9twXn2FkRbplZ7q0=", "utf8"=>"✓", "password"=>"[FILTERED]", "redirect_to"=>""}
Rendered thuauth/auth_with_xls_and_get_name.html.erb within layouts/application (3.5ms)
Completed 200 OK in 26322ms (Views: 10.4ms | ActiveRecord: 0.0ms)

ActionDispatch::Cookies::CookieOverflow (ActionDispatch::Cookies::CookieOverflow):
  

Rendered /usr/lib/ruby/gems/1.8/gems/actionpack-3.0.4/lib/action_dispatch/middleware/templates/rescues/_trace.erb (1.5ms)
Rendered /usr/lib/ruby/gems/1.8/gems/actionpack-3.0.4/lib/action_dispatch/middleware/templates/rescues/_request_and_response.erb (21.3ms)
Rendered /usr/lib/ruby/gems/1.8/gems/actionpack-3.0.4/lib/action_dispatch/middleware/templates/rescues/diagnostics.erb within rescues/layout (61.0ms)


Started GET "/thuauth/auth_with_xls_and_get_name" for 127.0.0.1 at Fri Feb 18 00:43:55 +0800 2011
  Processing by ThuauthController#auth_with_xls_and_get_name as HTML
Rendered thuauth/auth_with_xls_and_get_name.html.erb within layouts/application (2.2ms)
Completed 200 OK in 6ms (Views: 5.4ms | ActiveRecord: 0.0ms)


Started POST "/thuauth/auth_with_xls_and_get_name" for 127.0.0.1 at Fri Feb 18 00:43:59 +0800 2011
  Processing by ThuauthController#auth_with_xls_and_get_name as HTML
  Parameters: {"username"=>"2007011324", "authenticity_token"=>"Fq10uqHMWQP+y3I2eV0x4eY3UOu9twXn2FkRbplZ7q0=", "utf8"=>"✓", "password"=>"[FILTERED]", "redirect_to"=>""}
Rendered thuauth/auth_with_xls_and_get_name.html.erb within layouts/application (2.5ms)
Completed 200 OK in 27873ms (Views: 6.4ms | ActiveRecord: 0.0ms)

ActionDispatch::Cookies::CookieOverflow (ActionDispatch::Cookies::CookieOverflow):
  

Rendered /usr/lib/ruby/gems/1.8/gems/actionpack-3.0.4/lib/action_dispatch/middleware/templates/rescues/_trace.erb (0.9ms)
Rendered /usr/lib/ruby/gems/1.8/gems/actionpack-3.0.4/lib/action_dispatch/middleware/templates/rescues/_request_and_response.erb (62.3ms)
Rendered /usr/lib/ruby/gems/1.8/gems/actionpack-3.0.4/lib/action_dispatch/middleware/templates/rescues/diagnostics.erb within rescues/layout (66.4ms)


Started GET "/thuauth/auth_with_xls_and_get_name" for 127.0.0.1 at Fri Feb 18 00:49:07 +0800 2011
  Processing by ThuauthController#auth_with_xls_and_get_name as HTML
Rendered thuauth/auth_with_xls_and_get_name.html.erb within layouts/application (2.3ms)
Completed 200 OK in 6ms (Views: 5.6ms | ActiveRecord: 0.0ms)


Started POST "/thuauth/auth_with_xls_and_get_name" for 127.0.0.1 at Fri Feb 18 00:49:13 +0800 2011
  Processing by ThuauthController#auth_with_xls_and_get_name as HTML
  Parameters: {"username"=>"2007011324", "authenticity_token"=>"Fq10uqHMWQP+y3I2eV0x4eY3UOu9twXn2FkRbplZ7q0=", "utf8"=>"✓", "password"=>"[FILTERED]", "redirect_to"=>""}
Completed   in 414708ms


Started GET "/thuauth/auth_with_xls_and_get_name" for 127.0.0.1 at Fri Feb 18 00:56:44 +0800 2011
  Processing by ThuauthController#auth_with_xls_and_get_name as HTML
Rendered thuauth/auth_with_xls_and_get_name.html.erb within layouts/application (2.4ms)
Completed 200 OK in 6ms (Views: 5.8ms | ActiveRecord: 0.0ms)


Started POST "/thuauth/auth_with_xls_and_get_name" for 127.0.0.1 at Fri Feb 18 00:56:49 +0800 2011
  Processing by ThuauthController#auth_with_xls_and_get_name as HTML
  Parameters: {"username"=>"2007011324", "authenticity_token"=>"Fq10uqHMWQP+y3I2eV0x4eY3UOu9twXn2FkRbplZ7q0=", "utf8"=>"✓", "password"=>"[FILTERED]", "redirect_to"=>""}
Completed   in 79929ms


Started GET "/thuauth/auth_with_xls_and_get_name" for 127.0.0.1 at Fri Feb 18 00:59:40 +0800 2011
  Processing by ThuauthController#auth_with_xls_and_get_name as HTML
Rendered thuauth/auth_with_xls_and_get_name.html.erb within layouts/application (2.3ms)
Completed 200 OK in 6ms (Views: 5.6ms | ActiveRecord: 0.0ms)


Started POST "/thuauth/auth_with_xls_and_get_name" for 127.0.0.1 at Fri Feb 18 00:59:47 +0800 2011
  Processing by ThuauthController#auth_with_xls_and_get_name as HTML
  Parameters: {"username"=>"2007011324", "authenticity_token"=>"Fq10uqHMWQP+y3I2eV0x4eY3UOu9twXn2FkRbplZ7q0=", "utf8"=>"✓", "password"=>"[FILTERED]", "redirect_to"=>""}
Completed   in 71232ms


Started GET "/thuauth/auth_with_xls_and_get_name" for 127.0.0.1 at Fri Feb 18 01:01:27 +0800 2011
  Processing by ThuauthController#auth_with_xls_and_get_name as HTML
Rendered thuauth/auth_with_xls_and_get_name.html.erb within layouts/application (2.2ms)
Completed 200 OK in 6ms (Views: 5.4ms | ActiveRecord: 0.0ms)


Started POST "/thuauth/auth_with_xls_and_get_name" for 127.0.0.1 at Fri Feb 18 01:01:32 +0800 2011
  Processing by ThuauthController#auth_with_xls_and_get_name as HTML
  Parameters: {"username"=>"2007011324", "authenticity_token"=>"Fq10uqHMWQP+y3I2eV0x4eY3UOu9twXn2FkRbplZ7q0=", "utf8"=>"✓", "password"=>"[FILTERED]", "redirect_to"=>""}
Completed   in 4327ms

ThreadError (timeout within critical session):
  app/controllers/thuauth_controller.rb:27:in `auth_with_xls_and_get_name'
  app/controllers/thuauth_controller.rb:16:in `exclusive'
  app/controllers/thuauth_controller.rb:16:in `auth_with_xls_and_get_name'

Rendered /usr/lib/ruby/gems/1.8/gems/actionpack-3.0.4/lib/action_dispatch/middleware/templates/rescues/_trace.erb (1.5ms)
Rendered /usr/lib/ruby/gems/1.8/gems/actionpack-3.0.4/lib/action_dispatch/middleware/templates/rescues/_request_and_response.erb (10.0ms)
Rendered /usr/lib/ruby/gems/1.8/gems/actionpack-3.0.4/lib/action_dispatch/middleware/templates/rescues/diagnostics.erb within rescues/layout (16.4ms)


Started GET "/thuauth/auth_with_xls_and_get_name" for 127.0.0.1 at Fri Feb 18 01:02:03 +0800 2011
  Processing by ThuauthController#auth_with_xls_and_get_name as HTML
Rendered thuauth/auth_with_xls_and_get_name.html.erb within layouts/application (41.9ms)
Completed 200 OK in 47ms (Views: 46.3ms | ActiveRecord: 0.0ms)


Started POST "/thuauth/auth_with_xls_and_get_name" for 127.0.0.1 at Fri Feb 18 01:02:09 +0800 2011
  Processing by ThuauthController#auth_with_xls_and_get_name as HTML
  Parameters: {"username"=>"2007011324", "authenticity_token"=>"Fq10uqHMWQP+y3I2eV0x4eY3UOu9twXn2FkRbplZ7q0=", "utf8"=>"✓", "password"=>"[FILTERED]", "redirect_to"=>""}
Completed   in 1074ms

ThreadError (timeout within critical session):
  app/controllers/thuauth_controller.rb:27:in `auth_with_xls_and_get_name'
  app/controllers/thuauth_controller.rb:16:in `exclusive'
  app/controllers/thuauth_controller.rb:16:in `auth_with_xls_and_get_name'

Rendered /usr/lib/ruby/gems/1.8/gems/actionpack-3.0.4/lib/action_dispatch/middleware/templates/rescues/_trace.erb (1.0ms)
Rendered /usr/lib/ruby/gems/1.8/gems/actionpack-3.0.4/lib/action_dispatch/middleware/templates/rescues/_request_and_response.erb (6.2ms)
Rendered /usr/lib/ruby/gems/1.8/gems/actionpack-3.0.4/lib/action_dispatch/middleware/templates/rescues/diagnostics.erb within rescues/layout (10.4ms)


Started GET "/thuauth/auth_with_xls_and_get_name" for 127.0.0.1 at Fri Feb 18 01:03:19 +0800 2011
  Processing by ThuauthController#auth_with_xls_and_get_name as HTML
Rendered thuauth/auth_with_xls_and_get_name.html.erb within layouts/application (2.1ms)
Completed 200 OK in 6ms (Views: 5.3ms | ActiveRecord: 0.0ms)


Started POST "/thuauth/auth_with_xls_and_get_name" for 127.0.0.1 at Fri Feb 18 01:03:25 +0800 2011
  Processing by ThuauthController#auth_with_xls_and_get_name as HTML
  Parameters: {"username"=>"2007011324", "authenticity_token"=>"Fq10uqHMWQP+y3I2eV0x4eY3UOu9twXn2FkRbplZ7q0=", "utf8"=>"✓", "password"=>"[FILTERED]", "redirect_to"=>""}
Rendered thuauth/auth_with_xls_and_get_name.html.erb within layouts/application (2.8ms)
Completed 200 OK in 1478ms (Views: 10.1ms | ActiveRecord: 0.0ms)


Started GET "/thuauth/auth_with_xls_and_get_name" for 127.0.0.1 at Fri Feb 18 01:04:42 +0800 2011
  Processing by ThuauthController#auth_with_xls_and_get_name as HTML
Rendered thuauth/auth_with_xls_and_get_name.html.erb within layouts/application (2.2ms)
Completed 200 OK in 6ms (Views: 5.2ms | ActiveRecord: 0.0ms)


Started POST "/thuauth/auth_with_xls_and_get_name" for 127.0.0.1 at Fri Feb 18 01:04:47 +0800 2011
  Processing by ThuauthController#auth_with_xls_and_get_name as HTML
  Parameters: {"username"=>"2007011324", "authenticity_token"=>"Fq10uqHMWQP+y3I2eV0x4eY3UOu9twXn2FkRbplZ7q0=", "utf8"=>"✓", "password"=>"[FILTERED]", "redirect_to"=>""}
Rendered thuauth/auth_with_xls_and_get_name.html.erb within layouts/application (1.9ms)
Completed 200 OK in 4208ms (Views: 7.1ms | ActiveRecord: 0.0ms)


Started GET "/thuauth/auth_with_xls_and_get_name" for 127.0.0.1 at Fri Feb 18 01:05:57 +0800 2011
  Processing by ThuauthController#auth_with_xls_and_get_name as HTML
Rendered thuauth/auth_with_xls_and_get_name.html.erb within layouts/application (2.2ms)
Completed 200 OK in 5ms (Views: 5.1ms | ActiveRecord: 0.0ms)


Started POST "/thuauth/auth_with_xls_and_get_name" for 127.0.0.1 at Fri Feb 18 01:06:01 +0800 2011
  Processing by ThuauthController#auth_with_xls_and_get_name as HTML
  Parameters: {"username"=>"2007011324", "authenticity_token"=>"Fq10uqHMWQP+y3I2eV0x4eY3UOu9twXn2FkRbplZ7q0=", "utf8"=>"✓", "password"=>"[FILTERED]", "redirect_to"=>""}
Redirected to http://localhost:3001
Completed 302 Found in 4573ms


Started GET "/thuauth/auth_with_xls_and_get_name" for 127.0.0.1 at Fri Feb 18 01:06:37 +0800 2011
  Processing by ThuauthController#auth_with_xls_and_get_name as HTML
Rendered thuauth/auth_with_xls_and_get_name.html.erb within layouts/application (2.5ms)
Completed 200 OK in 6ms (Views: 5.6ms | ActiveRecord: 0.0ms)


Started GET "/thuauth/auth_with_xls_and_get_name?username=2007011324&redirect_to=localhost:3000" for 127.0.0.1 at Fri Feb 18 01:07:10 +0800 2011
  Processing by ThuauthController#auth_with_xls_and_get_name as HTML
  Parameters: {"username"=>"2007011324", "redirect_to"=>"localhost:3000"}
Rendered thuauth/auth_with_xls_and_get_name.html.erb within layouts/application (2.3ms)
Completed 200 OK in 6ms (Views: 5.7ms | ActiveRecord: 0.0ms)


Started POST "/thuauth/auth_with_xls_and_get_name" for 127.0.0.1 at Fri Feb 18 01:07:14 +0800 2011
  Processing by ThuauthController#auth_with_xls_and_get_name as HTML
  Parameters: {"username"=>"2007011324", "authenticity_token"=>"Fq10uqHMWQP+y3I2eV0x4eY3UOu9twXn2FkRbplZ7q0=", "utf8"=>"✓", "password"=>"[FILTERED]", "redirect_to"=>"localhost:3000"}
Redirected to localhost:3000
Completed 302 Found in 1965ms


Started POST "/thuauth/auth_with_xls_and_get_name" for 127.0.0.1 at Fri Feb 18 01:07:34 +0800 2011
  Processing by ThuauthController#auth_with_xls_and_get_name as HTML
  Parameters: {"username"=>"2007011324", "authenticity_token"=>"Fq10uqHMWQP+y3I2eV0x4eY3UOu9twXn2FkRbplZ7q0=", "utf8"=>"✓", "password"=>"[FILTERED]", "redirect_to"=>"localhost:3000"}
Redirected to localhost:3000
Completed 302 Found in 4599ms


Started GET "/thuauth/auth_with_xls_and_get_name?username=2007011324&redirect_to=http://localhost:3000/" for 127.0.0.1 at Fri Feb 18 01:10:23 +0800 2011
  Processing by ThuauthController#auth_with_xls_and_get_name as HTML
  Parameters: {"username"=>"2007011324", "redirect_to"=>"http://localhost:3000/"}
Rendered thuauth/auth_with_xls_and_get_name.html.erb within layouts/application (2.2ms)
Completed 200 OK in 6ms (Views: 5.5ms | ActiveRecord: 0.0ms)


Started POST "/thuauth/auth_with_xls_and_get_name" for 127.0.0.1 at Fri Feb 18 01:10:27 +0800 2011
  Processing by ThuauthController#auth_with_xls_and_get_name as HTML
  Parameters: {"username"=>"2007011324", "authenticity_token"=>"Fq10uqHMWQP+y3I2eV0x4eY3UOu9twXn2FkRbplZ7q0=", "utf8"=>"✓", "password"=>"[FILTERED]", "redirect_to"=>"http://localhost:3000/"}
Redirected to http://localhost:3000/
Completed 302 Found in 1118ms


Started GET "/thuauth/auth_with_xls_and_get_name" for 127.0.0.1 at Fri Feb 18 01:12:21 +0800 2011
  Processing by ThuauthController#auth_with_xls_and_get_name as HTML
Rendered thuauth/auth_with_xls_and_get_name.html.erb within layouts/application (3.1ms)
Completed 200 OK in 7ms (Views: 6.6ms | ActiveRecord: 0.0ms)


Started POST "/thuauth/auth_with_xls_and_get_name/?username=2007011329&redirect_to=http://localhost:3000/" for 127.0.0.1 at Sat Feb 19 18:14:45 +0800 2011
  Processing by ThuauthController#auth_with_xls_and_get_name as HTML
  Parameters: {"employee_no"=>"2007011329", "commit"=>"注册", "authenticity_token"=>"EXU/y/AgBS35PqWhIWOAei6Y5d+b7diD/r4DNF+3Cus=", "utf8"=>"✓", "username"=>"2007011329", "mobile"=>"", "user"=>{"password_confirmation"=>"[FILTERED]", "password"=>"[FILTERED]", "email"=>""}, "redirect_to"=>"http://localhost:3000/"}
Rendered thuauth/auth_with_xls_and_get_name.html.erb within layouts/application (2.5ms)
Completed 200 OK in 7ms (Views: 6.8ms | ActiveRecord: 0.0ms)


Started POST "/thuauth/auth_with_xls_and_get_name" for 127.0.0.1 at Sat Feb 19 18:15:49 +0800 2011
  Processing by ThuauthController#auth_with_xls_and_get_name as HTML
  Parameters: {"username"=>"2007011329", "authenticity_token"=>"GNU3K4s8Zk8ywnNiV3g9J0AA+Rq3MSqqXff5pvTKNN8=", "utf8"=>"✓", "password"=>"[FILTERED]", "redirect_to"=>"http://localhost:3000/"}
Completed   in 323ms

Errno::EACCES (Permission denied - Login.out):
  lib/thuauth.rb:56:in `delete'
  lib/thuauth.rb:56:in `do_auth'
  app/controllers/thuauth_controller.rb:21:in `auth_with_xls_and_get_name'

Rendered /usr/lib/ruby/gems/1.8/gems/actionpack-3.0.4/lib/action_dispatch/middleware/templates/rescues/_trace.erb (1.3ms)
Rendered /usr/lib/ruby/gems/1.8/gems/actionpack-3.0.4/lib/action_dispatch/middleware/templates/rescues/_request_and_response.erb (7.9ms)
Rendered /usr/lib/ruby/gems/1.8/gems/actionpack-3.0.4/lib/action_dispatch/middleware/templates/rescues/diagnostics.erb within rescues/layout (14.4ms)


Started POST "/thuauth/auth_with_xls_and_get_name" for 127.0.0.1 at Sat Feb 19 18:23:43 +0800 2011
  Processing by ThuauthController#auth_with_xls_and_get_name as HTML
  Parameters: {"username"=>"2007011329", "authenticity_token"=>"GNU3K4s8Zk8ywnNiV3g9J0AA+Rq3MSqqXff5pvTKNN8=", "utf8"=>"✓", "password"=>"[FILTERED]", "redirect_to"=>"http://localhost:3000/"}
Redirected to http://localhost:3000/
Completed 302 Found in 2557ms


Started GET "/thuauth/auth_with_xls_and_get_name/?username=2007011329&redirect_to=http://localhost:3000/" for 127.0.0.1 at Sat Feb 19 20:03:59 +0800 2011
  Processing by ThuauthController#auth_with_xls_and_get_name as HTML
  Parameters: {"username"=>"2007011329", "redirect_to"=>"http://localhost:3000/"}
Rendered thuauth/auth_with_xls_and_get_name.html.erb within layouts/application (2.7ms)
Completed 200 OK in 8ms (Views: 7.3ms | ActiveRecord: 0.0ms)


Started POST "/thuauth/auth_with_xls_and_get_name" for 127.0.0.1 at Sat Feb 19 20:04:04 +0800 2011
  Processing by ThuauthController#auth_with_xls_and_get_name as HTML
  Parameters: {"username"=>"2007011329", "authenticity_token"=>"GNU3K4s8Zk8ywnNiV3g9J0AA+Rq3MSqqXff5pvTKNN8=", "utf8"=>"✓", "password"=>"[FILTERED]", "redirect_to"=>"http://localhost:3000/"}
Redirected to http://localhost:3000/
Completed 302 Found in 2665ms


Started GET "/thuauth/auth_with_xls_and_get_name/?username=2007011329&redirect_to=http://localhost:3000/" for 127.0.0.1 at Sat Feb 19 20:06:01 +0800 2011
  Processing by ThuauthController#auth_with_xls_and_get_name as HTML
  Parameters: {"username"=>"2007011329", "redirect_to"=>"http://localhost:3000/"}
Rendered thuauth/auth_with_xls_and_get_name.html.erb within layouts/application (2.9ms)
Completed 200 OK in 8ms (Views: 7.6ms | ActiveRecord: 0.0ms)


Started POST "/thuauth/auth_with_xls_and_get_name" for 127.0.0.1 at Sat Feb 19 20:06:04 +0800 2011
  Processing by ThuauthController#auth_with_xls_and_get_name as HTML
  Parameters: {"username"=>"2007011329", "authenticity_token"=>"GNU3K4s8Zk8ywnNiV3g9J0AA+Rq3MSqqXff5pvTKNN8=", "utf8"=>"✓", "password"=>"[FILTERED]", "redirect_to"=>"http://localhost:3000/"}
Redirected to http://localhost:3000/
Completed 302 Found in 52966ms


Started GET "/thuauth/auth_with_xls_and_get_name/?username=2007011329&redirect_to=http://localhost:3000/" for 127.0.0.1 at Sat Feb 19 20:07:43 +0800 2011
  Processing by ThuauthController#auth_with_xls_and_get_name as HTML
  Parameters: {"username"=>"2007011329", "redirect_to"=>"http://localhost:3000/"}
Rendered thuauth/auth_with_xls_and_get_name.html.erb within layouts/application (2.8ms)
Completed 200 OK in 9ms (Views: 8.5ms | ActiveRecord: 0.0ms)


Started POST "/thuauth/auth_with_xls_and_get_name" for 127.0.0.1 at Sat Feb 19 20:07:49 +0800 2011
  Processing by ThuauthController#auth_with_xls_and_get_name as HTML
  Parameters: {"username"=>"2007011329", "authenticity_token"=>"GNU3K4s8Zk8ywnNiV3g9J0AA+Rq3MSqqXff5pvTKNN8=", "utf8"=>"✓", "password"=>"[FILTERED]", "redirect_to"=>"http://localhost:3000/"}
Redirected to http://localhost:3000/
Completed 302 Found in 2202ms


Started GET "/thuauth/auth_with_xls_and_get_name/?username=2007011329&redirect_to=http://localhost:3000/" for 127.0.0.1 at Sat Feb 19 20:10:26 +0800 2011
  Processing by ThuauthController#auth_with_xls_and_get_name as HTML
  Parameters: {"username"=>"2007011329", "redirect_to"=>"http://localhost:3000/"}
Rendered thuauth/auth_with_xls_and_get_name.html.erb within layouts/application (2.7ms)
Completed 200 OK in 8ms (Views: 7.1ms | ActiveRecord: 0.0ms)


Started POST "/thuauth/auth_with_xls_and_get_name" for 127.0.0.1 at Sat Feb 19 20:10:30 +0800 2011
  Processing by ThuauthController#auth_with_xls_and_get_name as HTML
  Parameters: {"username"=>"2007011329", "authenticity_token"=>"GNU3K4s8Zk8ywnNiV3g9J0AA+Rq3MSqqXff5pvTKNN8=", "utf8"=>"✓", "password"=>"[FILTERED]", "redirect_to"=>"http://localhost:3000/"}
Redirected to http://localhost:3000/
Completed 302 Found in 3557ms


Started GET "/thuauth/auth_with_xls_and_get_name/?username=2007011329&redirect_to=http://localhost:3000/" for 127.0.0.1 at Sat Feb 19 20:42:13 +0800 2011
  Processing by ThuauthController#auth_with_xls_and_get_name as HTML
  Parameters: {"username"=>"2007011329", "redirect_to"=>"http://localhost:3000/"}
Rendered thuauth/auth_with_xls_and_get_name.html.erb within layouts/application (2.9ms)
Completed 200 OK in 8ms (Views: 8.0ms | ActiveRecord: 0.0ms)


Started POST "/thuauth/auth_with_xls_and_get_name" for 127.0.0.1 at Sat Feb 19 20:42:33 +0800 2011
  Processing by ThuauthController#auth_with_xls_and_get_name as HTML
  Parameters: {"username"=>"2007011329", "authenticity_token"=>"GNU3K4s8Zk8ywnNiV3g9J0AA+Rq3MSqqXff5pvTKNN8=", "utf8"=>"✓", "password"=>"[FILTERED]", "redirect_to"=>"http://localhost:3000/"}
Redirected to http://localhost:3000/
Completed 302 Found in 3311ms


Started GET "/thuauth/auth_with_xls_and_get_name/?username=2007011329&redirect_to=http://localhost:3000/" for 127.0.0.1 at Sat Feb 19 20:51:29 +0800 2011
  Processing by ThuauthController#auth_with_xls_and_get_name as HTML
  Parameters: {"username"=>"2007011329", "redirect_to"=>"http://localhost:3000/"}
Rendered thuauth/auth_with_xls_and_get_name.html.erb within layouts/application (3.0ms)
Completed 200 OK in 8ms (Views: 7.6ms | ActiveRecord: 0.0ms)


Started GET "/thuauth/auth_with_xls_and_get_name/?username=2007011329&redirect_to=http://localhost:3000/" for 127.0.0.1 at Sat Feb 19 20:52:24 +0800 2011
  Processing by ThuauthController#auth_with_xls_and_get_name as HTML
  Parameters: {"username"=>"2007011329", "redirect_to"=>"http://localhost:3000/"}
Rendered thuauth/auth_with_xls_and_get_name.html.erb within layouts/application (2.5ms)
Completed 200 OK in 7ms (Views: 6.6ms | ActiveRecord: 0.0ms)


Started POST "/thuauth/auth_with_xls_and_get_name" for 127.0.0.1 at Sat Feb 19 20:52:36 +0800 2011
  Processing by ThuauthController#auth_with_xls_and_get_name as HTML
  Parameters: {"username"=>"2007011329", "authenticity_token"=>"GNU3K4s8Zk8ywnNiV3g9J0AA+Rq3MSqqXff5pvTKNN8=", "utf8"=>"✓", "password"=>"[FILTERED]", "redirect_to"=>"http://localhost:3000/"}
Redirected to http://localhost:3000/
Completed 302 Found in 1672ms


Started GET "/thuauth/auth_with_xls_and_get_name/?username=2007011329&redirect_to=http://localhost:3000/" for 127.0.0.1 at Sat Feb 19 20:56:33 +0800 2011
  Processing by ThuauthController#auth_with_xls_and_get_name as HTML
  Parameters: {"username"=>"2007011329", "redirect_to"=>"http://localhost:3000/"}
Rendered thuauth/auth_with_xls_and_get_name.html.erb within layouts/application (2.8ms)
Completed 200 OK in 8ms (Views: 7.5ms | ActiveRecord: 0.0ms)


Started GET "/thuauth/auth_with_xls_and_get_name/?username=2007011329&redirect_to=http://localhost:3000/" for 127.0.0.1 at Sat Feb 19 20:56:55 +0800 2011
  Processing by ThuauthController#auth_with_xls_and_get_name as HTML
  Parameters: {"username"=>"2007011329", "redirect_to"=>"http://localhost:3000/"}
Rendered thuauth/auth_with_xls_and_get_name.html.erb within layouts/application (2.3ms)
Completed 200 OK in 7ms (Views: 6.5ms | ActiveRecord: 0.0ms)


Started POST "/thuauth/auth_with_xls_and_get_name" for 127.0.0.1 at Sat Feb 19 20:56:58 +0800 2011
  Processing by ThuauthController#auth_with_xls_and_get_name as HTML
  Parameters: {"username"=>"2007011329", "authenticity_token"=>"GNU3K4s8Zk8ywnNiV3g9J0AA+Rq3MSqqXff5pvTKNN8=", "utf8"=>"✓", "password"=>"[FILTERED]", "redirect_to"=>"http://localhost:3000/"}
Redirected to http://localhost:3000/
Completed 302 Found in 1698ms


Started GET "/thuauth/auth_with_xls_and_get_name/?username=2007011329&redirect_to=http://localhost:3000/" for 127.0.0.1 at Sat Feb 19 20:59:26 +0800 2011
  Processing by ThuauthController#auth_with_xls_and_get_name as HTML
  Parameters: {"username"=>"2007011329", "redirect_to"=>"http://localhost:3000/"}
Rendered thuauth/auth_with_xls_and_get_name.html.erb within layouts/application (2.5ms)
Completed 200 OK in 7ms (Views: 6.8ms | ActiveRecord: 0.0ms)


Started GET "/thuauth/auth_with_xls_and_get_name/?username=2007011329&redirect_to=http://localhost:3000/" for 127.0.0.1 at Sat Feb 19 21:00:07 +0800 2011
  Processing by ThuauthController#auth_with_xls_and_get_name as HTML
  Parameters: {"username"=>"2007011329", "redirect_to"=>"http://localhost:3000/"}
Rendered thuauth/auth_with_xls_and_get_name.html.erb within layouts/application (2.6ms)
Completed 200 OK in 8ms (Views: 7.4ms | ActiveRecord: 0.0ms)


Started POST "/thuauth/auth_with_xls_and_get_name" for 127.0.0.1 at Sat Feb 19 21:00:33 +0800 2011
  Processing by ThuauthController#auth_with_xls_and_get_name as HTML
  Parameters: {"username"=>"2007011329", "authenticity_token"=>"GNU3K4s8Zk8ywnNiV3g9J0AA+Rq3MSqqXff5pvTKNN8=", "utf8"=>"✓", "password"=>"[FILTERED]", "redirect_to"=>"http://localhost:3000/"}
Redirected to http://localhost:3000/
Completed 302 Found in 2295ms


Started GET "/thuauth/auth_with_xls_and_get_name/?username=2007011329&redirect_to=http://localhost:3000/" for 127.0.0.1 at Sat Feb 19 21:02:49 +0800 2011
  Processing by ThuauthController#auth_with_xls_and_get_name as HTML
  Parameters: {"username"=>"2007011329", "redirect_to"=>"http://localhost:3000/"}
Rendered thuauth/auth_with_xls_and_get_name.html.erb within layouts/application (2.6ms)
Completed 200 OK in 7ms (Views: 7.0ms | ActiveRecord: 0.0ms)


Started GET "/thuauth/auth_with_xls_and_get_name/?username=2007011329&redirect_to=http://localhost:3000/" for 127.0.0.1 at Sat Feb 19 21:04:25 +0800 2011
  Processing by ThuauthController#auth_with_xls_and_get_name as HTML
  Parameters: {"username"=>"2007011329", "redirect_to"=>"http://localhost:3000/"}
Rendered thuauth/auth_with_xls_and_get_name.html.erb within layouts/application (2.6ms)
Completed 200 OK in 7ms (Views: 7.0ms | ActiveRecord: 0.0ms)


Started POST "/thuauth/auth_with_xls_and_get_name" for 127.0.0.1 at Sat Feb 19 21:05:15 +0800 2011
  Processing by ThuauthController#auth_with_xls_and_get_name as HTML
  Parameters: {"username"=>"2007011329", "authenticity_token"=>"GNU3K4s8Zk8ywnNiV3g9J0AA+Rq3MSqqXff5pvTKNN8=", "utf8"=>"✓", "password"=>"[FILTERED]", "redirect_to"=>"http://localhost:3000/"}
Redirected to http://localhost:3000/
Completed 302 Found in 3141ms


Started GET "/thuauth/auth_with_xls_and_get_name/?username=2007011329&redirect_to=http://localhost:3000/" for 127.0.0.1 at Sat Feb 19 21:32:32 +0800 2011
  Processing by ThuauthController#auth_with_xls_and_get_name as HTML
  Parameters: {"username"=>"2007011329", "redirect_to"=>"http://localhost:3000/"}
Rendered thuauth/auth_with_xls_and_get_name.html.erb within layouts/application (3.1ms)
Completed 200 OK in 8ms (Views: 7.9ms | ActiveRecord: 0.0ms)


Started POST "/thuauth/auth_with_xls_and_get_name" for 127.0.0.1 at Sat Feb 19 21:32:38 +0800 2011
  Processing by ThuauthController#auth_with_xls_and_get_name as HTML
  Parameters: {"username"=>"2007011329", "authenticity_token"=>"GNU3K4s8Zk8ywnNiV3g9J0AA+Rq3MSqqXff5pvTKNN8=", "utf8"=>"✓", "password"=>"[FILTERED]", "redirect_to"=>"http://localhost:3000/"}
Redirected to http://localhost:3000/
Completed 302 Found in 10853ms


Started GET "/thuauth/auth_with_xls_and_get_name/?username=2007011329&redirect_to=http://localhost:3000/" for 127.0.0.1 at Sat Feb 19 21:34:10 +0800 2011
  Processing by ThuauthController#auth_with_xls_and_get_name as HTML
  Parameters: {"username"=>"2007011329", "redirect_to"=>"http://localhost:3000/"}
Rendered thuauth/auth_with_xls_and_get_name.html.erb within layouts/application (2.7ms)
Completed 200 OK in 7ms (Views: 7.0ms | ActiveRecord: 0.0ms)


Started POST "/thuauth/auth_with_xls_and_get_name" for 127.0.0.1 at Sat Feb 19 21:34:21 +0800 2011
  Processing by ThuauthController#auth_with_xls_and_get_name as HTML
  Parameters: {"username"=>"2007011329", "authenticity_token"=>"GNU3K4s8Zk8ywnNiV3g9J0AA+Rq3MSqqXff5pvTKNN8=", "utf8"=>"✓", "password"=>"[FILTERED]", "redirect_to"=>"http://localhost:3000/"}
Redirected to http://localhost:3000/
Completed 302 Found in 1448ms


Started GET "/thuauth/auth_with_xls_and_get_name/?username=2007011329&redirect_to=http://localhost:3000/" for 127.0.0.1 at Sat Feb 19 21:34:46 +0800 2011
  Processing by ThuauthController#auth_with_xls_and_get_name as HTML
  Parameters: {"username"=>"2007011329", "redirect_to"=>"http://localhost:3000/"}
Rendered thuauth/auth_with_xls_and_get_name.html.erb within layouts/application (2.9ms)
Completed 200 OK in 8ms (Views: 7.4ms | ActiveRecord: 0.0ms)


Started GET "/thuauth/auth_with_xls_and_get_name/?username=2007011329&redirect_to=http://localhost:3000/" for 127.0.0.1 at Sat Feb 19 21:36:05 +0800 2011
  Processing by ThuauthController#auth_with_xls_and_get_name as HTML
  Parameters: {"username"=>"2007011329", "redirect_to"=>"http://localhost:3000/"}
Rendered thuauth/auth_with_xls_and_get_name.html.erb within layouts/application (3.2ms)
Completed 200 OK in 8ms (Views: 7.3ms | ActiveRecord: 0.0ms)


Started POST "/thuauth/auth_with_xls_and_get_name" for 127.0.0.1 at Sat Feb 19 21:36:07 +0800 2011
  Processing by ThuauthController#auth_with_xls_and_get_name as HTML
  Parameters: {"username"=>"2007011329", "authenticity_token"=>"GNU3K4s8Zk8ywnNiV3g9J0AA+Rq3MSqqXff5pvTKNN8=", "utf8"=>"✓", "password"=>"[FILTERED]", "redirect_to"=>"http://localhost:3000/"}
Redirected to http://localhost:3000/
Completed 302 Found in 2095ms


Started GET "/thuauth/auth_with_xls_and_get_name/?username=2007011329&redirect_to=http://localhost:3000/" for 127.0.0.1 at Sat Feb 19 21:38:20 +0800 2011
  Processing by ThuauthController#auth_with_xls_and_get_name as HTML
  Parameters: {"username"=>"2007011329", "redirect_to"=>"http://localhost:3000/"}
Rendered thuauth/auth_with_xls_and_get_name.html.erb within layouts/application (2.9ms)
Completed 200 OK in 8ms (Views: 7.3ms | ActiveRecord: 0.0ms)


Started GET "/thuauth/auth_with_xls_and_get_name/?username=2007011329&redirect_to=http://localhost:3000/" for 127.0.0.1 at Sat Feb 19 21:41:40 +0800 2011
  Processing by ThuauthController#auth_with_xls_and_get_name as HTML
  Parameters: {"username"=>"2007011329", "redirect_to"=>"http://localhost:3000/"}
Rendered thuauth/auth_with_xls_and_get_name.html.erb within layouts/application (2.9ms)
Completed 200 OK in 8ms (Views: 7.4ms | ActiveRecord: 0.0ms)


Started POST "/thuauth/auth_with_xls_and_get_name" for 127.0.0.1 at Sat Feb 19 21:44:18 +0800 2011
  Processing by ThuauthController#auth_with_xls_and_get_name as HTML
  Parameters: {"username"=>"2007011329", "authenticity_token"=>"GNU3K4s8Zk8ywnNiV3g9J0AA+Rq3MSqqXff5pvTKNN8=", "utf8"=>"✓", "password"=>"[FILTERED]", "redirect_to"=>"http://localhost:3000/"}
Redirected to http://localhost:3000/
Completed 302 Found in 2699ms


Started GET "/thuauth/auth_with_xls_and_get_name/?username=2007011329&redirect_to=http://localhost:3000/" for 127.0.0.1 at Sat Feb 19 22:11:39 +0800 2011
  Processing by ThuauthController#auth_with_xls_and_get_name as HTML
  Parameters: {"username"=>"2007011329", "redirect_to"=>"http://localhost:3000/"}
Rendered thuauth/auth_with_xls_and_get_name.html.erb within layouts/application (2.5ms)
Completed 200 OK in 7ms (Views: 6.6ms | ActiveRecord: 0.0ms)


Started GET "/thuauth/auth_with_xls_and_get_name/?username=2007011329&redirect_to=http://localhost:3000/" for 127.0.0.1 at Sat Feb 19 22:12:02 +0800 2011
  Processing by ThuauthController#auth_with_xls_and_get_name as HTML
  Parameters: {"username"=>"2007011329", "redirect_to"=>"http://localhost:3000/"}
Rendered thuauth/auth_with_xls_and_get_name.html.erb within layouts/application (2.7ms)
Completed 200 OK in 8ms (Views: 7.3ms | ActiveRecord: 0.0ms)


Started POST "/thuauth/auth_with_xls_and_get_name" for 127.0.0.1 at Sat Feb 19 22:12:06 +0800 2011
  Processing by ThuauthController#auth_with_xls_and_get_name as HTML
  Parameters: {"username"=>"2007011329", "authenticity_token"=>"GNU3K4s8Zk8ywnNiV3g9J0AA+Rq3MSqqXff5pvTKNN8=", "utf8"=>"✓", "password"=>"[FILTERED]", "redirect_to"=>"http://localhost:3000/"}
Completed   in 2598ms

ArgumentError (wrong number of arguments (0 for 1)):
  app/controllers/thuauth_controller.rb:38:in `match'
  app/controllers/thuauth_controller.rb:38:in `auth_with_xls_and_get_name'

Rendered /usr/lib/ruby/gems/1.8/gems/actionpack-3.0.4/lib/action_dispatch/middleware/templates/rescues/_trace.erb (1.5ms)
Rendered /usr/lib/ruby/gems/1.8/gems/actionpack-3.0.4/lib/action_dispatch/middleware/templates/rescues/_request_and_response.erb (8.8ms)
Rendered /usr/lib/ruby/gems/1.8/gems/actionpack-3.0.4/lib/action_dispatch/middleware/templates/rescues/diagnostics.erb within rescues/layout (14.8ms)


Started POST "/thuauth/auth_with_xls_and_get_name" for 127.0.0.1 at Sat Feb 19 22:12:42 +0800 2011
  Processing by ThuauthController#auth_with_xls_and_get_name as HTML
  Parameters: {"username"=>"2007011329", "authenticity_token"=>"GNU3K4s8Zk8ywnNiV3g9J0AA+Rq3MSqqXff5pvTKNN8=", "utf8"=>"✓", "password"=>"[FILTERED]", "redirect_to"=>"http://localhost:3000/"}
Redirected to http://localhost:3000/
Completed 302 Found in 1710ms


Started GET "/thuauth/auth_with_xls_and_get_name/?username=2007011329&redirect_to=http://localhost:3000/" for 127.0.0.1 at Sat Feb 19 22:13:25 +0800 2011
  Processing by ThuauthController#auth_with_xls_and_get_name as HTML
  Parameters: {"username"=>"2007011329", "redirect_to"=>"http://localhost:3000/"}
Rendered thuauth/auth_with_xls_and_get_name.html.erb within layouts/application (2.5ms)
Completed 200 OK in 7ms (Views: 6.5ms | ActiveRecord: 0.0ms)


Started POST "/thuauth/auth_with_xls_and_get_name" for 127.0.0.1 at Sat Feb 19 22:13:27 +0800 2011
  Processing by ThuauthController#auth_with_xls_and_get_name as HTML
  Parameters: {"username"=>"2007011329", "authenticity_token"=>"GNU3K4s8Zk8ywnNiV3g9J0AA+Rq3MSqqXff5pvTKNN8=", "utf8"=>"✓", "password"=>"[FILTERED]", "redirect_to"=>"http://localhost:3000/"}
Redirected to http://localhost:3000/
Completed 302 Found in 1552ms


Started GET "/thuauth/auth_with_xls_and_get_name/?username=2007011324&redirect_to=http://localhost:3000/" for 127.0.0.1 at Sun Feb 20 22:11:14 +0800 2011
  Processing by ThuauthController#auth_with_xls_and_get_name as HTML
  Parameters: {"username"=>"2007011324", "redirect_to"=>"http://localhost:3000/"}
Rendered thuauth/auth_with_xls_and_get_name.html.erb within layouts/application (2.7ms)
Completed 200 OK in 69ms (Views: 68.3ms | ActiveRecord: 0.0ms)


Started POST "/thuauth/auth_with_xls_and_get_name" for 127.0.0.1 at Sun Feb 20 22:13:23 +0800 2011
  Processing by ThuauthController#auth_with_xls_and_get_name as HTML
  Parameters: {"username"=>"2007011324", "authenticity_token"=>"hYtTUKjvZr8wOokGZb2rr/nY2hbLospDPU0pkLiOY8o=", "utf8"=>"✓", "password"=>"[FILTERED]", "redirect_to"=>"http://localhost:3000/"}
Completed   in 67818ms

Errno::EACCES (Permission denied - Login.out):
  lib/thuauth.rb:56:in `delete'
  lib/thuauth.rb:56:in `do_auth'
  app/controllers/thuauth_controller.rb:21:in `auth_with_xls_and_get_name'

Rendered /var/www/thuauth/.devise/ruby/1.8/gems/actionpack-3.0.4/lib/action_dispatch/middleware/templates/rescues/_trace.erb (1.4ms)
Rendered /var/www/thuauth/.devise/ruby/1.8/gems/actionpack-3.0.4/lib/action_dispatch/middleware/templates/rescues/_request_and_response.erb (6.6ms)
Rendered /var/www/thuauth/.devise/ruby/1.8/gems/actionpack-3.0.4/lib/action_dispatch/middleware/templates/rescues/diagnostics.erb within rescues/layout (11.9ms)


Started GET "/thuauth/auth_with_xls_and_get_name/?username=2007011324&redirect_to=http://localhost:3000/" for 127.0.0.1 at Sun Feb 20 22:15:31 +0800 2011
  Processing by ThuauthController#auth_with_xls_and_get_name as HTML
  Parameters: {"username"=>"2007011324", "redirect_to"=>"http://localhost:3000/"}
Rendered thuauth/auth_with_xls_and_get_name.html.erb within layouts/application (2.3ms)
Completed 200 OK in 6ms (Views: 5.6ms | ActiveRecord: 0.0ms)


Started POST "/thuauth/auth_with_xls_and_get_name" for 127.0.0.1 at Sun Feb 20 22:15:49 +0800 2011
  Processing by ThuauthController#auth_with_xls_and_get_name as HTML
  Parameters: {"username"=>"2007011324", "authenticity_token"=>"hYtTUKjvZr8wOokGZb2rr/nY2hbLospDPU0pkLiOY8o=", "utf8"=>"✓", "password"=>"[FILTERED]", "redirect_to"=>"http://localhost:3000/"}
Rendered thuauth/auth_with_xls_and_get_name.html.erb within layouts/application (5.0ms)
Completed 200 OK in 1250ms (Views: 10.7ms | ActiveRecord: 0.0ms)


Started POST "/thuauth/auth_with_xls_and_get_name" for 127.0.0.1 at Sun Feb 20 22:16:03 +0800 2011
  Processing by ThuauthController#auth_with_xls_and_get_name as HTML
  Parameters: {"username"=>"2007011324", "authenticity_token"=>"hYtTUKjvZr8wOokGZb2rr/nY2hbLospDPU0pkLiOY8o=", "utf8"=>"✓", "password"=>"[FILTERED]", "redirect_to"=>"http://localhost:3000/"}
Rendered thuauth/auth_with_xls_and_get_name.html.erb within layouts/application (2.8ms)
Completed 200 OK in 1109ms (Views: 8.4ms | ActiveRecord: 0.0ms)


Started POST "/thuauth/auth_with_xls_and_get_name" for 127.0.0.1 at Sun Feb 20 22:16:14 +0800 2011
  Processing by ThuauthController#auth_with_xls_and_get_name as HTML
  Parameters: {"username"=>"2007011324", "authenticity_token"=>"hYtTUKjvZr8wOokGZb2rr/nY2hbLospDPU0pkLiOY8o=", "utf8"=>"✓", "password"=>"[FILTERED]", "redirect_to"=>"http://localhost:3000/"}
Rendered thuauth/auth_with_xls_and_get_name.html.erb within layouts/application (2.9ms)
Completed 200 OK in 1086ms (Views: 13.2ms | ActiveRecord: 0.0ms)


Started GET "/thuauth/auth_with_xls_and_get_name/?username=2007011324&redirect_to=http://localhost:3000/" for 127.0.0.1 at Sun Feb 20 22:19:10 +0800 2011
  Processing by ThuauthController#auth_with_xls_and_get_name as HTML
  Parameters: {"username"=>"2007011324", "redirect_to"=>"http://localhost:3000/"}
Rendered thuauth/auth_with_xls_and_get_name.html.erb within layouts/application (2.3ms)
Completed 200 OK in 38ms (Views: 38.1ms | ActiveRecord: 0.0ms)


Started POST "/thuauth/auth_with_xls_and_get_name" for 127.0.0.1 at Sun Feb 20 22:19:15 +0800 2011
  Processing by ThuauthController#auth_with_xls_and_get_name as HTML
  Parameters: {"username"=>"2007011324", "authenticity_token"=>"hYtTUKjvZr8wOokGZb2rr/nY2hbLospDPU0pkLiOY8o=", "utf8"=>"✓", "password"=>"[FILTERED]", "redirect_to"=>"http://localhost:3000/"}
Rendered thuauth/auth_with_xls_and_get_name.html.erb within layouts/application (3.3ms)
Completed 200 OK in 1125ms (Views: 11.6ms | ActiveRecord: 0.0ms)


Started POST "/thuauth/auth_with_xls_and_get_name" for 127.0.0.1 at Sun Feb 20 22:21:58 +0800 2011
  Processing by ThuauthController#auth_with_xls_and_get_name as HTML
  Parameters: {"username"=>"2007011324", "authenticity_token"=>"hYtTUKjvZr8wOokGZb2rr/nY2hbLospDPU0pkLiOY8o=", "utf8"=>"✓", "password"=>"[FILTERED]", "redirect_to"=>"http://localhost:3000/"}
Redirected to http://localhost:3000/
Completed 302 Found in 2254ms


Started GET "/thuauth/auth_with_xls_and_get_name/?username=2007011329&redirect_to=http://localhost:3000/" for 127.0.0.1 at Sun Feb 20 23:00:47 +0800 2011
  Processing by ThuauthController#auth_with_xls_and_get_name as HTML
  Parameters: {"username"=>"2007011329", "redirect_to"=>"http://localhost:3000/"}
Rendered thuauth/auth_with_xls_and_get_name.html.erb within layouts/application (2.5ms)
Completed 200 OK in 7ms (Views: 6.4ms | ActiveRecord: 0.0ms)


Started POST "/thuauth/auth_with_xls_and_get_name" for 127.0.0.1 at Sun Feb 20 23:00:56 +0800 2011
  Processing by ThuauthController#auth_with_xls_and_get_name as HTML
  Parameters: {"username"=>"2007011329", "authenticity_token"=>"hYtTUKjvZr8wOokGZb2rr/nY2hbLospDPU0pkLiOY8o=", "utf8"=>"✓", "password"=>"[FILTERED]", "redirect_to"=>"http://localhost:3000/"}
Rendered thuauth/auth_with_xls_and_get_name.html.erb within layouts/application (4.3ms)
Completed 200 OK in 4288ms (Views: 11.2ms | ActiveRecord: 0.0ms)


Started GET "/thuauth/auth_with_xls_and_get_name/?username=2007011324&redirect_to=http://localhost:3000/" for 127.0.0.1 at Sun Feb 20 23:09:46 +0800 2011
  Processing by ThuauthController#auth_with_xls_and_get_name as HTML
  Parameters: {"username"=>"2007011324", "redirect_to"=>"http://localhost:3000/"}
Rendered thuauth/auth_with_xls_and_get_name.html.erb within layouts/application (2.7ms)
Completed 200 OK in 56ms (Views: 55.6ms | ActiveRecord: 0.0ms)


Started POST "/thuauth/auth_with_xls_and_get_name" for 127.0.0.1 at Sun Feb 20 23:09:50 +0800 2011
  Processing by ThuauthController#auth_with_xls_and_get_name as HTML
  Parameters: {"username"=>"2007011324", "authenticity_token"=>"07yplxcTRdBKdzSljXYlxt84xLrV7k9gAmjOGjY0iw0=", "utf8"=>"✓", "password"=>"[FILTERED]", "redirect_to"=>"http://localhost:3000/"}
Redirected to http://localhost:3000/
Completed 302 Found in 1979ms


Started GET "/thuauth/auth_with_xls_and_get_name/?username=2007011324&redirect_to=/events?range=next&aes=tPAB3dXw8JRadIoGTBkb3w==%0A" for 127.0.0.1 at Mon Feb 21 00:04:33 +0800 2011
  Processing by ThuauthController#auth_with_xls_and_get_name as HTML
  Parameters: {"aes"=>"tPAB3dXw8JRadIoGTBkb3w==\n", "username"=>"2007011324", "redirect_to"=>"/events?range=next"}
Rendered thuauth/auth_with_xls_and_get_name.html.erb within layouts/application (2.9ms)
Completed 200 OK in 8ms (Views: 7.0ms | ActiveRecord: 0.0ms)


Started GET "/thuauth/auth_with_xls_and_get_name/?username=2007011324&redirect_to=/events?range=next&aes=tPAB3dXw8JRadIoGTBkb3w==%0A" for 127.0.0.1 at Mon Feb 21 00:07:11 +0800 2011
  Processing by ThuauthController#auth_with_xls_and_get_name as HTML
  Parameters: {"aes"=>"tPAB3dXw8JRadIoGTBkb3w==\n", "username"=>"2007011324", "redirect_to"=>"/events?range=next"}
Completed   in 0ms

NoMethodError (undefined method `debug' for Logger:Class):
  app/controllers/thuauth_controller.rb:25:in `auth_with_xls_and_get_name'

Rendered /var/www/thuauth/.devise/ruby/1.8/gems/actionpack-3.0.4/lib/action_dispatch/middleware/templates/rescues/_trace.erb (1.7ms)
Rendered /var/www/thuauth/.devise/ruby/1.8/gems/actionpack-3.0.4/lib/action_dispatch/middleware/templates/rescues/_request_and_response.erb (8.8ms)
Rendered /var/www/thuauth/.devise/ruby/1.8/gems/actionpack-3.0.4/lib/action_dispatch/middleware/templates/rescues/diagnostics.erb within rescues/layout (15.5ms)


Started GET "/thuauth/auth_with_xls_and_get_name/?username=2007011324&redirect_to=/events?range=next&aes=tPAB3dXw8JRadIoGTBkb3w==%0A" for 127.0.0.1 at Mon Feb 21 00:08:03 +0800 2011
  Processing by ThuauthController#auth_with_xls_and_get_name as HTML
  Parameters: {"aes"=>"tPAB3dXw8JRadIoGTBkb3w==\n", "username"=>"2007011324", "redirect_to"=>"/events?range=next"}
Rendered thuauth/auth_with_xls_and_get_name.html.erb within layouts/application (2.5ms)
Completed 200 OK in 7ms (Views: 6.3ms | ActiveRecord: 0.0ms)


Started GET "/thuauth/auth_with_xls_and_get_name/?username=2007011324&redirect_to=/events?range=next&aes=tPAB3dXw8JRadIoGTBkb3w==%0A" for 127.0.0.1 at Mon Feb 21 00:08:42 +0800 2011
  Processing by ThuauthController#auth_with_xls_and_get_name as HTML
  Parameters: {"aes"=>"tPAB3dXw8JRadIoGTBkb3w==\n", "username"=>"2007011324", "redirect_to"=>"/events?range=next"}
Rendered thuauth/auth_with_xls_and_get_name.html.erb within layouts/application (2.8ms)
Completed 200 OK in 7ms (Views: 6.8ms | ActiveRecord: 0.0ms)


Started GET "/thuauth/auth_with_xls_and_get_name/?username=2007011324&redirect_to=/events?range=next&aes=tPAB3dXw8JRadIoGTBkb3w==%0A" for 127.0.0.1 at Mon Feb 21 00:13:50 +0800 2011
  Processing by ThuauthController#auth_with_xls_and_get_name as HTML
  Parameters: {"aes"=>"tPAB3dXw8JRadIoGTBkb3w==\n", "username"=>"2007011324", "redirect_to"=>"/events?range=next"}
Rendered thuauth/auth_with_xls_and_get_name.html.erb within layouts/application (4.7ms)
Completed 200 OK in 15ms (Views: 13.8ms | ActiveRecord: 0.0ms)


Started GET "/thuauth/auth_with_xls_and_get_name/?username=2007011324&redirect_to=/events?range=next&aes=tPAB3dXw8JRadIoGTBkb3w==%0A" for 127.0.0.1 at Mon Feb 21 00:19:03 +0800 2011
  Processing by ThuauthController#auth_with_xls_and_get_name as HTML
  Parameters: {"aes"=>"tPAB3dXw8JRadIoGTBkb3w==\n", "username"=>"2007011324", "redirect_to"=>"/events?range=next"}
Rendered thuauth/auth_with_xls_and_get_name.html.erb within layouts/application (3.7ms)
Completed 200 OK in 10ms (Views: 7.5ms | ActiveRecord: 0.0ms)


Started GET "/thuauth/auth_with_xls_and_get_name/?username=2007011324&redirect_to=/events?range=next&aes=tPAB3dXw8JRadIoGTBkb3w==%0A" for 127.0.0.1 at Mon Feb 21 00:21:15 +0800 2011
  Processing by ThuauthController#auth_with_xls_and_get_name as HTML
  Parameters: {"aes"=>"tPAB3dXw8JRadIoGTBkb3w==\n", "username"=>"2007011324", "redirect_to"=>"/events?range=next"}
Completed   in 3ms

Errno::ENOENT (No such file or directory - /var/www/hack/):
  lib/thuauth.rb:20:in `chdir'
  lib/thuauth.rb:20:in `auth_with_xls'
  lib/thuauth.rb:54:in `do_auth'
  app/controllers/thuauth_controller.rb:33:in `auth_with_xls_and_get_name'

Rendered /var/www/thuauth/.devise/ruby/1.8/gems/actionpack-3.0.4/lib/action_dispatch/middleware/templates/rescues/_trace.erb (1.1ms)
Rendered /var/www/thuauth/.devise/ruby/1.8/gems/actionpack-3.0.4/lib/action_dispatch/middleware/templates/rescues/_request_and_response.erb (6.3ms)
Rendered /var/www/thuauth/.devise/ruby/1.8/gems/actionpack-3.0.4/lib/action_dispatch/middleware/templates/rescues/diagnostics.erb within rescues/layout (11.1ms)


Started GET "/thuauth/auth_with_xls_and_get_name/?username=2007011324&redirect_to=/events?range=next&aes=tPAB3dXw8JRadIoGTBkb3w==%0A" for 127.0.0.1 at Mon Feb 21 00:23:18 +0800 2011
  Processing by ThuauthController#auth_with_xls_and_get_name as HTML
  Parameters: {"aes"=>"tPAB3dXw8JRadIoGTBkb3w==\n", "username"=>"2007011324", "redirect_to"=>"/events?range=next"}
Completed   in 1ms

Errno::ENOENT (No such file or directory - /var/www/hack/):
  lib/thuauth.rb:20:in `chdir'
  lib/thuauth.rb:20:in `auth_with_xls'
  lib/thuauth.rb:54:in `do_auth'
  app/controllers/thuauth_controller.rb:33:in `auth_with_xls_and_get_name'

Rendered /var/www/thuauth/.devise/ruby/1.8/gems/actionpack-3.0.4/lib/action_dispatch/middleware/templates/rescues/_trace.erb (1.1ms)
Rendered /var/www/thuauth/.devise/ruby/1.8/gems/actionpack-3.0.4/lib/action_dispatch/middleware/templates/rescues/_request_and_response.erb (5.5ms)
Rendered /var/www/thuauth/.devise/ruby/1.8/gems/actionpack-3.0.4/lib/action_dispatch/middleware/templates/rescues/diagnostics.erb within rescues/layout (10.1ms)


Started GET "/thuauth/auth_with_xls_and_get_name/?username=2007011324&redirect_to=/events?range=next&aes=tPAB3dXw8JRadIoGTBkb3w==%0A" for 127.0.0.1 at Mon Feb 21 00:24:49 +0800 2011
  Processing by ThuauthController#auth_with_xls_and_get_name as HTML
  Parameters: {"aes"=>"tPAB3dXw8JRadIoGTBkb3w==\n", "username"=>"2007011324", "redirect_to"=>"/events?range=next"}
Redirected to http://localhost:3001/events?range=next
Completed 302 Found in 2033ms


Started GET "/events?range=next" for 127.0.0.1 at Mon Feb 21 00:24:51 +0800 2011

ActionController::RoutingError (No route matches "/events"):
  

Rendered /var/www/thuauth/.devise/ruby/1.8/gems/actionpack-3.0.4/lib/action_dispatch/middleware/templates/rescues/routing_error.erb within rescues/layout (0.8ms)


Started GET "/thuauth/auth_with_xls_and_get_name/?username=2007011324&redirect_to=http://localhost:3000/&aes=tPAB3dXw8JRadIoGTBkb3w==%0A" for 127.0.0.1 at Mon Feb 21 00:30:35 +0800 2011
  Processing by ThuauthController#auth_with_xls_and_get_name as HTML
  Parameters: {"aes"=>"tPAB3dXw8JRadIoGTBkb3w==\n", "username"=>"2007011324", "redirect_to"=>"http://localhost:3000/"}
Redirected to http://localhost:3000/
Completed 302 Found in 2759ms
